<?xml version="1.0" encoding="UTF-8"?>
<coverage generated="1760630231485" clover="3.2.0">
  <project timestamp="1760630231485" name="All files">
    <metrics statements="289" coveredstatements="268" conditionals="103" coveredconditionals="91" methods="90" coveredmethods="79" elements="482" coveredelements="438" complexity="0" loc="289" ncloc="289" packages="21" files="35" classes="35"/>
    <package name="modules.home.screens">
      <metrics statements="4" coveredstatements="4" conditionals="0" coveredconditionals="0" methods="3" coveredmethods="3"/>
      <file name="Home.tsx" path="/Users/marcusholanda/Documents/repos/fast-wallet/src/app/modules/home/screens/Home.tsx">
        <metrics statements="4" coveredstatements="4" conditionals="0" coveredconditionals="0" methods="3" coveredmethods="3"/>
        <line num="8" count="3" type="stmt"/>
        <line num="10" count="3" type="stmt"/>
        <line num="13" count="1" type="stmt"/>
        <line num="20" count="1" type="stmt"/>
      </file>
    </package>
    <package name="modules.register.components">
      <metrics statements="18" coveredstatements="18" conditionals="8" coveredconditionals="8" methods="10" coveredmethods="10"/>
      <file name="FormRegisterCard.tsx" path="/Users/marcusholanda/Documents/repos/fast-wallet/src/app/modules/register/components/FormRegisterCard.tsx">
        <metrics statements="18" coveredstatements="18" conditionals="8" coveredconditionals="8" methods="10" coveredmethods="10"/>
        <line num="16" count="1" type="stmt"/>
        <line num="17" count="1" type="stmt"/>
        <line num="19" count="1" type="stmt"/>
        <line num="21" count="45" type="stmt"/>
        <line num="22" count="45" type="stmt"/>
        <line num="24" count="45" type="stmt"/>
        <line num="26" count="45" type="stmt"/>
        <line num="31" count="45" type="stmt"/>
        <line num="47" count="50" type="stmt"/>
        <line num="50" count="5" type="stmt"/>
        <line num="68" count="51" type="stmt"/>
        <line num="72" count="6" type="stmt"/>
        <line num="87" count="51" type="stmt"/>
        <line num="91" count="6" type="stmt"/>
        <line num="105" count="53" type="stmt"/>
        <line num="109" count="5" type="stmt"/>
        <line num="121" count="3" type="stmt"/>
        <line num="136" count="1" type="stmt"/>
      </file>
    </package>
    <package name="modules.register.constants">
      <metrics statements="8" coveredstatements="8" conditionals="2" coveredconditionals="2" methods="1" coveredmethods="1"/>
      <file name="cardValidator.ts" path="/Users/marcusholanda/Documents/repos/fast-wallet/src/app/modules/register/constants/cardValidator.ts">
        <metrics statements="7" coveredstatements="7" conditionals="2" coveredconditionals="2" methods="1" coveredmethods="1"/>
        <line num="5" count="1" type="stmt"/>
        <line num="25" count="1" type="stmt"/>
        <line num="47" count="12" type="cond" truecount="2" falsecount="0"/>
        <line num="48" count="11" type="stmt"/>
        <line num="49" count="11" type="stmt"/>
        <line num="50" count="11" type="stmt"/>
        <line num="51" count="11" type="stmt"/>
      </file>
      <file name="masks.ts" path="/Users/marcusholanda/Documents/repos/fast-wallet/src/app/modules/register/constants/masks.ts">
        <metrics statements="1" coveredstatements="1" conditionals="0" coveredconditionals="0" methods="0" coveredmethods="0"/>
        <line num="1" count="1" type="stmt"/>
      </file>
    </package>
    <package name="modules.register.hooks">
      <metrics statements="13" coveredstatements="13" conditionals="0" coveredconditionals="0" methods="4" coveredmethods="4"/>
      <file name="useRegisterCard.ts" path="/Users/marcusholanda/Documents/repos/fast-wallet/src/app/modules/register/hooks/useRegisterCard.ts">
        <metrics statements="13" coveredstatements="13" conditionals="0" coveredconditionals="0" methods="4" coveredmethods="4"/>
        <line num="13" count="1" type="stmt"/>
        <line num="14" count="45" type="stmt"/>
        <line num="15" count="45" type="stmt"/>
        <line num="17" count="45" type="stmt"/>
        <line num="20" count="1" type="stmt"/>
        <line num="22" count="1" type="stmt"/>
        <line num="25" count="1" type="stmt"/>
        <line num="33" count="45" type="stmt"/>
        <line num="38" count="45" type="stmt"/>
        <line num="39" count="3" type="stmt"/>
        <line num="45" count="3" type="stmt"/>
        <line num="46" count="3" type="stmt"/>
        <line num="51" count="45" type="stmt"/>
      </file>
    </package>
    <package name="modules.register.screens">
      <metrics statements="5" coveredstatements="5" conditionals="0" coveredconditionals="0" methods="2" coveredmethods="2"/>
      <file name="RegisterSuccessScreen.tsx" path="/Users/marcusholanda/Documents/repos/fast-wallet/src/app/modules/register/screens/RegisterSuccessScreen.tsx">
        <metrics statements="5" coveredstatements="5" conditionals="0" coveredconditionals="0" methods="2" coveredmethods="2"/>
        <line num="15" count="3" type="stmt"/>
        <line num="17" count="3" type="stmt"/>
        <line num="19" count="3" type="stmt"/>
        <line num="30" count="1" type="stmt"/>
        <line num="38" count="1" type="stmt"/>
      </file>
    </package>
    <package name="modules.register.services">
      <metrics statements="3" coveredstatements="3" conditionals="0" coveredconditionals="0" methods="1" coveredmethods="1"/>
      <file name="card.ts" path="/Users/marcusholanda/Documents/repos/fast-wallet/src/app/modules/register/services/card.ts">
        <metrics statements="3" coveredstatements="3" conditionals="0" coveredconditionals="0" methods="1" coveredmethods="1"/>
        <line num="7" count="2" type="stmt"/>
        <line num="12" count="3" type="stmt"/>
        <line num="16" count="2" type="stmt"/>
      </file>
    </package>
    <package name="modules.wallet.components">
      <metrics statements="52" coveredstatements="47" conditionals="18" coveredconditionals="14" methods="13" coveredmethods="9"/>
      <file name="AnimatedWalletCard.tsx" path="/Users/marcusholanda/Documents/repos/fast-wallet/src/app/modules/wallet/components/AnimatedWalletCard.tsx">
        <metrics statements="26" coveredstatements="26" conditionals="14" coveredconditionals="13" methods="4" coveredmethods="3"/>
        <line num="14" count="2" type="stmt"/>
        <line num="15" count="2" type="stmt"/>
        <line num="16" count="2" type="stmt"/>
        <line num="17" count="2" type="stmt"/>
        <line num="42" count="24" type="stmt"/>
        <line num="43" count="24" type="stmt"/>
        <line num="44" count="24" type="stmt"/>
        <line num="45" count="24" type="stmt"/>
        <line num="46" count="24" type="cond" truecount="2" falsecount="0"/>
        <line num="47" count="24" type="stmt"/>
        <line num="48" count="24" type="stmt"/>
        <line num="49" count="24" type="stmt"/>
        <line num="51" count="24" type="stmt"/>
        <line num="53" count="24" type="stmt"/>
        <line num="55" count="24" type="stmt"/>
        <line num="56" count="12" type="stmt"/>
        <line num="59" count="24" type="stmt"/>
        <line num="60" count="24" type="cond" truecount="2" falsecount="0"/>
        <line num="62" count="12" type="cond" truecount="2" falsecount="0"/>
        <line num="63" count="1" type="stmt"/>
        <line num="64" count="1" type="stmt"/>
        <line num="71" count="11" type="stmt"/>
        <line num="72" count="11" type="stmt"/>
        <line num="82" count="24" type="stmt"/>
        <line num="86" count="24" type="cond" truecount="2" falsecount="0"/>
        <line num="98" count="24" type="stmt"/>
      </file>
      <file name="BackgroundRectangle.tsx" path="/Users/marcusholanda/Documents/repos/fast-wallet/src/app/modules/wallet/components/BackgroundRectangle.tsx">
        <metrics statements="4" coveredstatements="4" conditionals="2" coveredconditionals="1" methods="1" coveredmethods="1"/>
        <line num="10" count="3" type="stmt"/>
        <line num="12" count="28" type="stmt"/>
        <line num="30" count="3" type="stmt"/>
        <line num="32" count="3" type="stmt"/>
      </file>
      <file name="WalletLoading.tsx" path="/Users/marcusholanda/Documents/repos/fast-wallet/src/app/modules/wallet/components/WalletLoading.tsx">
        <metrics statements="22" coveredstatements="17" conditionals="2" coveredconditionals="0" methods="8" coveredmethods="5"/>
        <line num="21" count="1" type="stmt"/>
        <line num="38" count="1" type="stmt"/>
        <line num="46" count="16" type="stmt"/>
        <line num="47" count="0" type="stmt"/>
        <line num="48" count="0" type="stmt"/>
        <line num="62" count="8" type="stmt"/>
        <line num="63" count="8" type="stmt"/>
        <line num="64" count="8" type="stmt"/>
        <line num="66" count="8" type="stmt"/>
        <line num="67" count="8" type="stmt"/>
        <line num="77" count="0" type="cond" truecount="0" falsecount="2"/>
        <line num="78" count="0" type="stmt"/>
        <line num="84" count="0" type="stmt"/>
        <line num="95" count="8" type="stmt"/>
        <line num="99" count="8" type="stmt"/>
        <line num="101" count="8" type="stmt"/>
        <line num="114" count="8" type="stmt"/>
        <line num="120" count="8" type="stmt"/>
        <line num="127" count="8" type="stmt"/>
        <line num="131" count="8" type="stmt"/>
        <line num="139" count="8" type="stmt"/>
        <line num="157" count="1" type="stmt"/>
      </file>
    </package>
    <package name="modules.wallet.hooks">
      <metrics statements="14" coveredstatements="11" conditionals="4" coveredconditionals="3" methods="3" coveredmethods="3"/>
      <file name="useGetCards.ts" path="/Users/marcusholanda/Documents/repos/fast-wallet/src/app/modules/wallet/hooks/useGetCards.ts">
        <metrics statements="14" coveredstatements="11" conditionals="4" coveredconditionals="3" methods="3" coveredmethods="3"/>
        <line num="12" count="1" type="stmt"/>
        <line num="17" count="67" type="stmt"/>
        <line num="19" count="67" type="stmt"/>
        <line num="20" count="67" type="stmt"/>
        <line num="22" count="67" type="stmt"/>
        <line num="23" count="67" type="cond" truecount="1" falsecount="1"/>
        <line num="24" count="0" type="stmt"/>
        <line num="25" count="0" type="stmt"/>
        <line num="26" count="0" type="stmt"/>
        <line num="28" count="67" type="cond" truecount="2" falsecount="0"/>
        <line num="29" count="60" type="stmt"/>
        <line num="33" count="67" type="stmt"/>
        <line num="34" count="67" type="stmt"/>
        <line num="37" count="67" type="stmt"/>
      </file>
    </package>
    <package name="modules.wallet.screens">
      <metrics statements="21" coveredstatements="20" conditionals="8" coveredconditionals="8" methods="9" coveredmethods="8"/>
      <file name="WalletScreen.tsx" path="/Users/marcusholanda/Documents/repos/fast-wallet/src/app/modules/wallet/screens/WalletScreen.tsx">
        <metrics statements="21" coveredstatements="20" conditionals="8" coveredconditionals="8" methods="9" coveredmethods="8"/>
        <line num="14" count="1" type="stmt"/>
        <line num="17" count="68" type="stmt"/>
        <line num="19" count="129" type="stmt"/>
        <line num="20" count="67" type="stmt"/>
        <line num="21" count="67" type="stmt"/>
        <line num="22" count="67" type="stmt"/>
        <line num="24" count="67" type="stmt"/>
        <line num="25" count="67" type="stmt"/>
        <line num="26" count="67" type="stmt"/>
        <line num="27" count="67" type="cond" truecount="2" falsecount="0"/>
        <line num="29" count="67" type="stmt"/>
        <line num="30" count="7" type="stmt"/>
        <line num="31" count="7" type="stmt"/>
        <line num="34" count="67" type="stmt"/>
        <line num="35" count="66" type="stmt"/>
        <line num="38" count="67" type="cond" truecount="2" falsecount="0"/>
        <line num="40" count="59" type="stmt"/>
        <line num="44" count="6" type="stmt"/>
        <line num="45" count="6" type="stmt"/>
        <line num="57" count="0" type="stmt"/>
        <line num="88" count="1" type="stmt"/>
      </file>
    </package>
    <package name="modules.wallet.services">
      <metrics statements="3" coveredstatements="1" conditionals="0" coveredconditionals="0" methods="1" coveredmethods="0"/>
      <file name="card.ts" path="/Users/marcusholanda/Documents/repos/fast-wallet/src/app/modules/wallet/services/card.ts">
        <metrics statements="3" coveredstatements="1" conditionals="0" coveredconditionals="0" methods="1" coveredmethods="0"/>
        <line num="7" count="1" type="stmt"/>
        <line num="8" count="0" type="stmt"/>
        <line num="10" count="0" type="stmt"/>
      </file>
    </package>
    <package name="shared.components.buttons">
      <metrics statements="2" coveredstatements="2" conditionals="5" coveredconditionals="5" methods="1" coveredmethods="1"/>
      <file name="Button.tsx" path="/Users/marcusholanda/Documents/repos/fast-wallet/src/app/shared/components/buttons/Button.tsx">
        <metrics statements="2" coveredstatements="2" conditionals="5" coveredconditionals="5" methods="1" coveredmethods="1"/>
        <line num="31" count="116" type="stmt"/>
        <line num="51" count="5" type="stmt"/>
      </file>
    </package>
    <package name="shared.components.cards">
      <metrics statements="16" coveredstatements="16" conditionals="17" coveredconditionals="11" methods="3" coveredmethods="3"/>
      <file name="CreditCard.tsx" path="/Users/marcusholanda/Documents/repos/fast-wallet/src/app/shared/components/cards/CreditCard.tsx">
        <metrics statements="7" coveredstatements="7" conditionals="8" coveredconditionals="6" methods="2" coveredmethods="2"/>
        <line num="21" count="30" type="stmt"/>
        <line num="22" count="30" type="cond" truecount="1" falsecount="1"/>
        <line num="24" count="30" type="cond" truecount="2" falsecount="0"/>
        <line num="25" count="13" type="stmt"/>
        <line num="27" count="17" type="stmt"/>
        <line num="30" count="30" type="stmt"/>
        <line num="58" count="4" type="stmt"/>
      </file>
      <file name="MaskedCardNumber.tsx" path="/Users/marcusholanda/Documents/repos/fast-wallet/src/app/shared/components/cards/MaskedCardNumber.tsx">
        <metrics statements="9" coveredstatements="9" conditionals="9" coveredconditionals="5" methods="1" coveredmethods="1"/>
        <line num="15" count="4" type="stmt"/>
        <line num="25" count="30" type="stmt"/>
        <line num="26" count="30" type="stmt"/>
        <line num="27" count="30" type="stmt"/>
        <line num="28" count="30" type="stmt"/>
        <line num="31" count="30" type="cond" truecount="1" falsecount="1"/>
        <line num="34" count="30" type="cond" truecount="1" falsecount="2"/>
        <line num="38" count="30" type="stmt"/>
        <line num="40" count="30" type="stmt"/>
      </file>
    </package>
    <package name="shared.components.containers">
      <metrics statements="7" coveredstatements="7" conditionals="8" coveredconditionals="8" methods="1" coveredmethods="1"/>
      <file name="PageContainer.tsx" path="/Users/marcusholanda/Documents/repos/fast-wallet/src/app/shared/components/containers/PageContainer.tsx">
        <metrics statements="7" coveredstatements="7" conditionals="8" coveredconditionals="8" methods="1" coveredmethods="1"/>
        <line num="15" count="3" type="stmt"/>
        <line num="16" count="3" type="stmt"/>
        <line num="18" count="3" type="stmt"/>
        <line num="23" count="65" type="stmt"/>
        <line num="25" count="65" type="stmt"/>
        <line num="30" count="65" type="stmt"/>
        <line num="54" count="3" type="stmt"/>
      </file>
    </package>
    <package name="shared.components.inputs">
      <metrics statements="4" coveredstatements="4" conditionals="6" coveredconditionals="6" methods="2" coveredmethods="2"/>
      <file name="InputText.tsx" path="/Users/marcusholanda/Documents/repos/fast-wallet/src/app/shared/components/inputs/InputText.tsx">
        <metrics statements="4" coveredstatements="4" conditionals="6" coveredconditionals="6" methods="2" coveredmethods="2"/>
        <line num="22" count="2" type="stmt"/>
        <line num="33" count="223" type="stmt"/>
        <line num="48" count="8" type="stmt"/>
        <line num="63" count="2" type="stmt"/>
      </file>
    </package>
    <package name="shared.constants">
      <metrics statements="1" coveredstatements="1" conditionals="0" coveredconditionals="0" methods="0" coveredmethods="0"/>
      <file name="endpoints.ts" path="/Users/marcusholanda/Documents/repos/fast-wallet/src/app/shared/constants/endpoints.ts">
        <metrics statements="1" coveredstatements="1" conditionals="0" coveredconditionals="0" methods="0" coveredmethods="0"/>
        <line num="1" count="3" type="stmt"/>
      </file>
    </package>
    <package name="shared.hooks">
      <metrics statements="68" coveredstatements="64" conditionals="11" coveredconditionals="11" methods="17" coveredmethods="14"/>
      <file name="useAppMutation.ts" path="/Users/marcusholanda/Documents/repos/fast-wallet/src/app/shared/hooks/useAppMutation.ts">
        <metrics statements="13" coveredstatements="13" conditionals="0" coveredconditionals="0" methods="2" coveredmethods="2"/>
        <line num="23" count="45" type="stmt"/>
        <line num="24" count="45" type="stmt"/>
        <line num="27" count="3" type="stmt"/>
        <line num="28" count="3" type="stmt"/>
        <line num="29" count="3" type="stmt"/>
        <line num="30" count="3" type="stmt"/>
        <line num="31" count="1" type="stmt"/>
        <line num="32" count="1" type="stmt"/>
        <line num="34" count="1" type="stmt"/>
        <line num="35" count="1" type="stmt"/>
        <line num="36" count="1" type="stmt"/>
        <line num="38" count="2" type="stmt"/>
        <line num="42" count="45" type="stmt"/>
      </file>
      <file name="useAppNavigation.ts" path="/Users/marcusholanda/Documents/repos/fast-wallet/src/app/shared/hooks/useAppNavigation.ts">
        <metrics statements="2" coveredstatements="2" conditionals="0" coveredconditionals="0" methods="1" coveredmethods="1"/>
        <line num="5" count="3" type="stmt"/>
        <line num="6" count="51" type="stmt"/>
      </file>
      <file name="useAppQuery.ts" path="/Users/marcusholanda/Documents/repos/fast-wallet/src/app/shared/hooks/useAppQuery.ts">
        <metrics statements="15" coveredstatements="13" conditionals="0" coveredconditionals="0" methods="3" coveredmethods="3"/>
        <line num="12" count="67" type="stmt"/>
        <line num="13" count="67" type="stmt"/>
        <line num="14" count="67" type="stmt"/>
        <line num="16" count="67" type="stmt"/>
        <line num="17" count="7" type="stmt"/>
        <line num="18" count="7" type="stmt"/>
        <line num="19" count="7" type="stmt"/>
        <line num="20" count="7" type="stmt"/>
        <line num="21" count="6" type="stmt"/>
        <line num="23" count="0" type="stmt"/>
        <line num="24" count="0" type="stmt"/>
        <line num="26" count="6" type="stmt"/>
        <line num="30" count="67" type="stmt"/>
        <line num="31" count="7" type="stmt"/>
        <line num="34" count="67" type="stmt"/>
      </file>
      <file name="useKeyboardVisibility.ts" path="/Users/marcusholanda/Documents/repos/fast-wallet/src/app/shared/hooks/useKeyboardVisibility.ts">
        <metrics statements="13" coveredstatements="11" conditionals="0" coveredconditionals="0" methods="5" coveredmethods="3"/>
        <line num="4" count="1" type="stmt"/>
        <line num="5" count="45" type="stmt"/>
        <line num="7" count="45" type="stmt"/>
        <line num="8" count="15" type="stmt"/>
        <line num="9" count="0" type="stmt"/>
        <line num="12" count="15" type="stmt"/>
        <line num="13" count="0" type="stmt"/>
        <line num="16" count="15" type="stmt"/>
        <line num="21" count="15" type="stmt"/>
        <line num="26" count="15" type="stmt"/>
        <line num="27" count="15" type="stmt"/>
        <line num="28" count="15" type="stmt"/>
        <line num="32" count="45" type="stmt"/>
      </file>
      <file name="useResponsiveBackgroundRectangles.ts" path="/Users/marcusholanda/Documents/repos/fast-wallet/src/app/shared/hooks/useResponsiveBackgroundRectangles.ts">
        <metrics statements="20" coveredstatements="20" conditionals="11" coveredconditionals="11" methods="3" coveredmethods="3"/>
        <line num="35" count="73" type="stmt"/>
        <line num="36" count="73" type="stmt"/>
        <line num="38" count="73" type="stmt"/>
        <line num="39" count="73" type="stmt"/>
        <line num="40" count="73" type="stmt"/>
        <line num="42" count="73" type="stmt"/>
        <line num="43" count="73" type="stmt"/>
        <line num="45" count="73" type="stmt"/>
        <line num="46" count="73" type="stmt"/>
        <line num="48" count="73" type="stmt"/>
        <line num="49" count="19" type="stmt"/>
        <line num="58" count="19" type="stmt"/>
        <line num="59" count="19" type="stmt"/>
        <line num="60" count="19" type="stmt"/>
        <line num="76" count="73" type="stmt"/>
        <line num="77" count="19" type="stmt"/>
        <line num="86" count="19" type="stmt"/>
        <line num="87" count="19" type="stmt"/>
        <line num="88" count="19" type="stmt"/>
        <line num="105" count="73" type="stmt"/>
      </file>
      <file name="useSpringTranslateY.ts" path="/Users/marcusholanda/Documents/repos/fast-wallet/src/app/shared/hooks/useSpringTranslateY.ts">
        <metrics statements="5" coveredstatements="5" conditionals="0" coveredconditionals="0" methods="3" coveredmethods="2"/>
        <line num="13" count="110" type="stmt"/>
        <line num="15" count="110" type="stmt"/>
        <line num="16" count="110" type="stmt"/>
        <line num="24" count="110" type="stmt"/>
        <line num="28" count="110" type="stmt"/>
      </file>
    </package>
    <package name="shared.services.httpClient">
      <metrics statements="24" coveredstatements="18" conditionals="12" coveredconditionals="11" methods="10" coveredmethods="8"/>
      <file name="httpClient.ts" path="/Users/marcusholanda/Documents/repos/fast-wallet/src/app/shared/services/httpClient/httpClient.ts">
        <metrics statements="20" coveredstatements="18" conditionals="12" coveredconditionals="11" methods="9" coveredmethods="8"/>
        <line num="12" count="10" type="stmt"/>
        <line num="19" count="6" type="cond" truecount="2" falsecount="0"/>
        <line num="20" count="1" type="stmt"/>
        <line num="21" count="1" type="stmt"/>
        <line num="22" count="3" type="stmt"/>
        <line num="24" count="1" type="stmt"/>
        <line num="32" count="6" type="stmt"/>
        <line num="34" count="6" type="stmt"/>
        <line num="43" count="6" type="cond" truecount="2" falsecount="0"/>
        <line num="44" count="6" type="stmt"/>
        <line num="45" count="6" type="cond" truecount="2" falsecount="0"/>
        <line num="49" count="6" type="cond" truecount="1" falsecount="1"/>
        <line num="50" count="0" type="stmt"/>
        <line num="53" count="6" type="stmt"/>
        <line num="57" count="3" type="stmt"/>
        <line num="61" count="1" type="stmt"/>
        <line num="65" count="1" type="stmt"/>
        <line num="69" count="0" type="stmt"/>
        <line num="73" count="1" type="stmt"/>
        <line num="77" count="3" type="stmt"/>
      </file>
      <file name="types.ts" path="/Users/marcusholanda/Documents/repos/fast-wallet/src/app/shared/services/httpClient/types.ts">
        <metrics statements="4" coveredstatements="0" conditionals="0" coveredconditionals="0" methods="1" coveredmethods="0"/>
        <line num="17" count="0" type="stmt"/>
        <line num="18" count="0" type="stmt"/>
        <line num="19" count="0" type="stmt"/>
        <line num="20" count="0" type="stmt"/>
      </file>
    </package>
    <package name="shared.store">
      <metrics statements="5" coveredstatements="5" conditionals="0" coveredconditionals="0" methods="2" coveredmethods="2"/>
      <file name="cardSlice.ts" path="/Users/marcusholanda/Documents/repos/fast-wallet/src/app/shared/store/cardSlice.ts">
        <metrics statements="5" coveredstatements="5" conditionals="0" coveredconditionals="0" methods="2" coveredmethods="2"/>
        <line num="11" count="3" type="stmt"/>
        <line num="17" count="3" type="stmt"/>
        <line num="22" count="3" type="stmt"/>
        <line num="25" count="3" type="stmt"/>
        <line num="30" count="3" type="stmt"/>
      </file>
    </package>
    <package name="shared.theme">
      <metrics statements="4" coveredstatements="4" conditionals="0" coveredconditionals="0" methods="0" coveredmethods="0"/>
      <file name="colors.ts" path="/Users/marcusholanda/Documents/repos/fast-wallet/src/app/shared/theme/colors.ts">
        <metrics statements="1" coveredstatements="1" conditionals="0" coveredconditionals="0" methods="0" coveredmethods="0"/>
        <line num="3" count="8" type="stmt"/>
      </file>
      <file name="theme.ts" path="/Users/marcusholanda/Documents/repos/fast-wallet/src/app/shared/theme/theme.ts">
        <metrics statements="2" coveredstatements="2" conditionals="0" coveredconditionals="0" methods="0" coveredmethods="0"/>
        <line num="5" count="8" type="stmt"/>
        <line num="10" count="8" type="stmt"/>
      </file>
      <file name="typography.ts" path="/Users/marcusholanda/Documents/repos/fast-wallet/src/app/shared/theme/typography.ts">
        <metrics statements="1" coveredstatements="1" conditionals="0" coveredconditionals="0" methods="0" coveredmethods="0"/>
        <line num="3" count="8" type="stmt"/>
      </file>
    </package>
    <package name="shared.utils">
      <metrics statements="15" coveredstatements="15" conditionals="4" coveredconditionals="4" methods="7" coveredmethods="7"/>
      <file name="MockedStoreWrapper.tsx" path="/Users/marcusholanda/Documents/repos/fast-wallet/src/app/shared/utils/MockedStoreWrapper.tsx">
        <metrics statements="6" coveredstatements="6" conditionals="4" coveredconditionals="4" methods="3" coveredmethods="3"/>
        <line num="12" count="7" type="stmt"/>
        <line num="14" count="148" type="cond" truecount="1" falsecount="0"/>
        <line num="17" count="49" type="stmt"/>
        <line num="22" count="7" type="stmt"/>
        <line num="29" count="56" type="cond" truecount="2" falsecount="0"/>
        <line num="30" count="56" type="stmt"/>
      </file>
      <file name="helperTests.ts" path="/Users/marcusholanda/Documents/repos/fast-wallet/src/app/shared/utils/helperTests.ts">
        <metrics statements="5" coveredstatements="5" conditionals="0" coveredconditionals="0" methods="2" coveredmethods="2"/>
        <line num="3" count="3" type="stmt"/>
        <line num="8" count="10" type="stmt"/>
        <line num="9" count="10" type="stmt"/>
        <line num="12" count="3" type="stmt"/>
        <line num="13" count="3" type="stmt"/>
      </file>
      <file name="replaces.ts" path="/Users/marcusholanda/Documents/repos/fast-wallet/src/app/shared/utils/replaces.ts">
        <metrics statements="4" coveredstatements="4" conditionals="0" coveredconditionals="0" methods="2" coveredmethods="2"/>
        <line num="1" count="5" type="stmt"/>
        <line num="2" count="6" type="stmt"/>
        <line num="5" count="5" type="stmt"/>
        <line num="6" count="30" type="stmt"/>
      </file>
    </package>
    <package name="store">
      <metrics statements="2" coveredstatements="2" conditionals="0" coveredconditionals="0" methods="0" coveredmethods="0"/>
      <file name="hooks.ts" path="/Users/marcusholanda/Documents/repos/fast-wallet/src/app/store/hooks.ts">
        <metrics statements="2" coveredstatements="2" conditionals="0" coveredconditionals="0" methods="0" coveredmethods="0"/>
        <line num="5" count="2" type="stmt"/>
        <line num="6" count="2" type="stmt"/>
      </file>
    </package>
  </project>
</coverage>
