{"/Users/marcusholanda/Documents/repos/fast-wallet/src/app/modules/home/screens/Home.tsx": {"path":"/Users/marcusholanda/Documents/repos/fast-wallet/src/app/modules/home/screens/Home.tsx","statementMap":{"0":{"start":{"line":8,"column":21},"end":{"line":8,"column":39}},"1":{"start":{"line":10,"column":2},"end":{"line":26,"column":4}},"2":{"start":{"line":13,"column":23},"end":{"line":13,"column":58}},"3":{"start":{"line":20,"column":23},"end":{"line":20,"column":60}}},"fnMap":{"0":{"name":"HomeScreen","decl":{"start":{"line":7,"column":24},"end":{"line":7,"column":34}},"loc":{"start":{"line":7,"column":37},"end":{"line":27,"column":1}},"line":7},"1":{"name":"(anonymous_1)","decl":{"start":{"line":13,"column":17},"end":{"line":13,"column":18}},"loc":{"start":{"line":13,"column":23},"end":{"line":13,"column":58}},"line":13},"2":{"name":"(anonymous_2)","decl":{"start":{"line":20,"column":17},"end":{"line":20,"column":18}},"loc":{"start":{"line":20,"column":23},"end":{"line":20,"column":60}},"line":20}},"branchMap":{},"s":{"0":3,"1":3,"2":1,"3":1},"f":{"0":3,"1":1,"2":1},"b":{},"_coverageSchema":"1a1c01bbd47fc00a2c39e90264f33305004495a9","hash":"ce06a2a163a3612ccd20271d8fdbd432810074a7"}
,"/Users/marcusholanda/Documents/repos/fast-wallet/src/app/modules/register/components/FormRegisterCard.tsx": {"path":"/Users/marcusholanda/Documents/repos/fast-wallet/src/app/modules/register/components/FormRegisterCard.tsx","statementMap":{"0":{"start":{"line":16,"column":28},"end":{"line":16,"column":31}},"1":{"start":{"line":17,"column":23},"end":{"line":17,"column":27}},"2":{"start":{"line":19,"column":25},"end":{"line":134,"column":1}},"3":{"start":{"line":21,"column":4},"end":{"line":21,"column":21}},"4":{"start":{"line":22,"column":17},"end":{"line":22,"column":34}},"5":{"start":{"line":24,"column":37},"end":{"line":24,"column":60}},"6":{"start":{"line":26,"column":29},"end":{"line":29,"column":3}},"7":{"start":{"line":31,"column":2},"end":{"line":133,"column":4}},"8":{"start":{"line":47,"column":12},"end":{"line":61,"column":14}},"9":{"start":{"line":50,"column":45},"end":{"line":50,"column":63}},"10":{"start":{"line":68,"column":12},"end":{"line":78,"column":14}},"11":{"start":{"line":72,"column":16},"end":{"line":72,"column":52}},"12":{"start":{"line":87,"column":16},"end":{"line":96,"column":18}},"13":{"start":{"line":91,"column":47},"end":{"line":91,"column":63}},"14":{"start":{"line":105,"column":16},"end":{"line":114,"column":18}},"15":{"start":{"line":109,"column":49},"end":{"line":109,"column":67}},"16":{"start":{"line":121,"column":25},"end":{"line":121,"column":54}},"17":{"start":{"line":136,"column":15},"end":{"line":163,"column":2}}},"fnMap":{"0":{"name":"(anonymous_0)","decl":{"start":{"line":19,"column":25},"end":{"line":19,"column":26}},"loc":{"start":{"line":19,"column":31},"end":{"line":134,"column":1}},"line":19},"1":{"name":"(anonymous_1)","decl":{"start":{"line":46,"column":18},"end":{"line":46,"column":19}},"loc":{"start":{"line":47,"column":12},"end":{"line":61,"column":14}},"line":47},"2":{"name":"(anonymous_2)","decl":{"start":{"line":50,"column":28},"end":{"line":50,"column":29}},"loc":{"start":{"line":50,"column":45},"end":{"line":50,"column":63}},"line":50},"3":{"name":"(anonymous_3)","decl":{"start":{"line":67,"column":18},"end":{"line":67,"column":19}},"loc":{"start":{"line":68,"column":12},"end":{"line":78,"column":14}},"line":68},"4":{"name":"(anonymous_4)","decl":{"start":{"line":71,"column":28},"end":{"line":71,"column":29}},"loc":{"start":{"line":71,"column":38},"end":{"line":73,"column":15}},"line":71},"5":{"name":"(anonymous_5)","decl":{"start":{"line":86,"column":22},"end":{"line":86,"column":23}},"loc":{"start":{"line":87,"column":16},"end":{"line":96,"column":18}},"line":87},"6":{"name":"(anonymous_6)","decl":{"start":{"line":91,"column":32},"end":{"line":91,"column":33}},"loc":{"start":{"line":91,"column":47},"end":{"line":91,"column":63}},"line":91},"7":{"name":"(anonymous_7)","decl":{"start":{"line":104,"column":22},"end":{"line":104,"column":23}},"loc":{"start":{"line":105,"column":16},"end":{"line":114,"column":18}},"line":105},"8":{"name":"(anonymous_8)","decl":{"start":{"line":109,"column":32},"end":{"line":109,"column":33}},"loc":{"start":{"line":109,"column":49},"end":{"line":109,"column":67}},"line":109},"9":{"name":"(anonymous_9)","decl":{"start":{"line":121,"column":19},"end":{"line":121,"column":20}},"loc":{"start":{"line":121,"column":25},"end":{"line":121,"column":54}},"line":121}},"branchMap":{"0":{"loc":{"start":{"line":38,"column":9},"end":{"line":42,"column":9}},"type":"binary-expr","locations":[{"start":{"line":38,"column":9},"end":{"line":38,"column":27}},{"start":{"line":39,"column":10},"end":{"line":41,"column":26}}],"line":38},"1":{"loc":{"start":{"line":124,"column":12},"end":{"line":124,"column":79}},"type":"cond-expr","locations":[{"start":{"line":124,"column":22},"end":{"line":124,"column":49}},{"start":{"line":124,"column":52},"end":{"line":124,"column":79}}],"line":124},"2":{"loc":{"start":{"line":126,"column":20},"end":{"line":126,"column":41}},"type":"binary-expr","locations":[{"start":{"line":126,"column":20},"end":{"line":126,"column":28}},{"start":{"line":126,"column":32},"end":{"line":126,"column":41}}],"line":126},"3":{"loc":{"start":{"line":129,"column":21},"end":{"line":129,"column":79}},"type":"cond-expr","locations":[{"start":{"line":129,"column":31},"end":{"line":129,"column":54}},{"start":{"line":129,"column":57},"end":{"line":129,"column":79}}],"line":129}},"s":{"0":1,"1":1,"2":1,"3":45,"4":45,"5":45,"6":45,"7":45,"8":50,"9":5,"10":51,"11":6,"12":51,"13":6,"14":53,"15":5,"16":3,"17":1},"f":{"0":45,"1":50,"2":5,"3":51,"4":6,"5":51,"6":6,"7":53,"8":5,"9":3},"b":{"0":[45,45],"1":[6,39],"2":[45,6],"3":[6,39]},"_coverageSchema":"1a1c01bbd47fc00a2c39e90264f33305004495a9","hash":"f31e1a4820259b6d3d5a9c7cbd563f73ff8a8424"}
,"/Users/marcusholanda/Documents/repos/fast-wallet/src/app/modules/register/constants/cardValidator.ts": {"path":"/Users/marcusholanda/Documents/repos/fast-wallet/src/app/modules/register/constants/cardValidator.ts","statementMap":{"0":{"start":{"line":5,"column":60},"end":{"line":23,"column":1}},"1":{"start":{"line":25,"column":35},"end":{"line":59,"column":2}},"2":{"start":{"line":47,"column":8},"end":{"line":47,"column":33}},"3":{"start":{"line":47,"column":20},"end":{"line":47,"column":33}},"4":{"start":{"line":48,"column":30},"end":{"line":48,"column":46}},"5":{"start":{"line":49,"column":23},"end":{"line":49,"column":75}},"6":{"start":{"line":50,"column":20},"end":{"line":50,"column":30}},"7":{"start":{"line":51,"column":8},"end":{"line":51,"column":28}}},"fnMap":{"0":{"name":"(anonymous_0)","decl":{"start":{"line":46,"column":6},"end":{"line":46,"column":7}},"loc":{"start":{"line":46,"column":23},"end":{"line":52,"column":7}},"line":46}},"branchMap":{"0":{"loc":{"start":{"line":47,"column":8},"end":{"line":47,"column":33}},"type":"if","locations":[{"start":{"line":47,"column":8},"end":{"line":47,"column":33}},{"start":{},"end":{}}],"line":47}},"s":{"0":1,"1":1,"2":12,"3":1,"4":11,"5":11,"6":11,"7":11},"f":{"0":12},"b":{"0":[1,11]},"_coverageSchema":"1a1c01bbd47fc00a2c39e90264f33305004495a9","hash":"83570b7cbb633b2001139ee6deeed8f3d2ecaf19"}
,"/Users/marcusholanda/Documents/repos/fast-wallet/src/app/modules/register/constants/masks.ts": {"path":"/Users/marcusholanda/Documents/repos/fast-wallet/src/app/modules/register/constants/masks.ts","statementMap":{"0":{"start":{"line":1,"column":24},"end":{"line":4,"column":1}}},"fnMap":{},"branchMap":{},"s":{"0":1},"f":{},"b":{},"_coverageSchema":"1a1c01bbd47fc00a2c39e90264f33305004495a9","hash":"083ff29ebaf47e3f083aaec520669c0c40cfcdd9"}
,"/Users/marcusholanda/Documents/repos/fast-wallet/src/app/modules/register/hooks/useRegisterCard.ts": {"path":"/Users/marcusholanda/Documents/repos/fast-wallet/src/app/modules/register/hooks/useRegisterCard.ts","statementMap":{"0":{"start":{"line":13,"column":24},"end":{"line":59,"column":1}},"1":{"start":{"line":14,"column":21},"end":{"line":14,"column":39}},"2":{"start":{"line":15,"column":19},"end":{"line":15,"column":35}},"3":{"start":{"line":17,"column":32},"end":{"line":27,"column":4}},"4":{"start":{"line":20,"column":6},"end":{"line":20,"column":38}},"5":{"start":{"line":22,"column":6},"end":{"line":22,"column":75}},"6":{"start":{"line":25,"column":6},"end":{"line":25,"column":63}},"7":{"start":{"line":33,"column":6},"end":{"line":36,"column":4}},"8":{"start":{"line":38,"column":19},"end":{"line":49,"column":3}},"9":{"start":{"line":39,"column":33},"end":{"line":44,"column":5}},"10":{"start":{"line":45,"column":4},"end":{"line":48,"column":14}},"11":{"start":{"line":46,"column":6},"end":{"line":46,"column":28}},"12":{"start":{"line":51,"column":2},"end":{"line":58,"column":4}}},"fnMap":{"0":{"name":"(anonymous_0)","decl":{"start":{"line":13,"column":24},"end":{"line":13,"column":25}},"loc":{"start":{"line":13,"column":30},"end":{"line":59,"column":1}},"line":13},"1":{"name":"(anonymous_1)","decl":{"start":{"line":19,"column":15},"end":{"line":19,"column":16}},"loc":{"start":{"line":19,"column":28},"end":{"line":23,"column":5}},"line":19},"2":{"name":"(anonymous_2)","decl":{"start":{"line":24,"column":13},"end":{"line":24,"column":14}},"loc":{"start":{"line":24,"column":19},"end":{"line":26,"column":5}},"line":24},"3":{"name":"(anonymous_3)","decl":{"start":{"line":38,"column":19},"end":{"line":38,"column":20}},"loc":{"start":{"line":38,"column":49},"end":{"line":49,"column":3}},"line":38}},"branchMap":{},"s":{"0":1,"1":45,"2":45,"3":45,"4":1,"5":1,"6":1,"7":45,"8":45,"9":3,"10":3,"11":3,"12":45},"f":{"0":45,"1":1,"2":1,"3":3},"b":{},"_coverageSchema":"1a1c01bbd47fc00a2c39e90264f33305004495a9","hash":"9aa248449fc6756881c59722e69faf4fbcefa0c2"}
,"/Users/marcusholanda/Documents/repos/fast-wallet/src/app/modules/register/screens/RegisterSuccessScreen.tsx": {"path":"/Users/marcusholanda/Documents/repos/fast-wallet/src/app/modules/register/screens/RegisterSuccessScreen.tsx","statementMap":{"0":{"start":{"line":15,"column":29},"end":{"line":15,"column":41}},"1":{"start":{"line":17,"column":19},"end":{"line":17,"column":37}},"2":{"start":{"line":19,"column":2},"end":{"line":35,"column":4}},"3":{"start":{"line":30,"column":25},"end":{"line":30,"column":58}},"4":{"start":{"line":38,"column":15},"end":{"line":54,"column":2}}},"fnMap":{"0":{"name":"RegisterSuccessScreen","decl":{"start":{"line":10,"column":24},"end":{"line":10,"column":45}},"loc":{"start":{"line":14,"column":3},"end":{"line":36,"column":1}},"line":14},"1":{"name":"(anonymous_1)","decl":{"start":{"line":30,"column":19},"end":{"line":30,"column":20}},"loc":{"start":{"line":30,"column":25},"end":{"line":30,"column":58}},"line":30}},"branchMap":{},"s":{"0":3,"1":3,"2":3,"3":1,"4":1},"f":{"0":3,"1":1},"b":{},"_coverageSchema":"1a1c01bbd47fc00a2c39e90264f33305004495a9","hash":"26a54bc092e9b8c62ed6483c50ab99a801444b29"}
,"/Users/marcusholanda/Documents/repos/fast-wallet/src/app/modules/register/services/card.ts": {"path":"/Users/marcusholanda/Documents/repos/fast-wallet/src/app/modules/register/services/card.ts","statementMap":{"0":{"start":{"line":7,"column":26},"end":{"line":17,"column":1}},"1":{"start":{"line":12,"column":19},"end":{"line":14,"column":4}},"2":{"start":{"line":16,"column":2},"end":{"line":16,"column":18}}},"fnMap":{"0":{"name":"(anonymous_0)","decl":{"start":{"line":7,"column":26},"end":{"line":7,"column":27}},"loc":{"start":{"line":11,"column":35},"end":{"line":17,"column":1}},"line":11}},"branchMap":{},"s":{"0":2,"1":3,"2":2},"f":{"0":3},"b":{},"_coverageSchema":"1a1c01bbd47fc00a2c39e90264f33305004495a9","hash":"90b54e8bd40f65bba38324bb30a58688631eb5b6"}
,"/Users/marcusholanda/Documents/repos/fast-wallet/src/app/modules/wallet/components/AnimatedWalletCard.tsx": {"path":"/Users/marcusholanda/Documents/repos/fast-wallet/src/app/modules/wallet/components/AnimatedWalletCard.tsx","statementMap":{"0":{"start":{"line":14,"column":21},"end":{"line":14,"column":25}},"1":{"start":{"line":15,"column":22},"end":{"line":15,"column":25}},"2":{"start":{"line":16,"column":26},"end":{"line":16,"column":30}},"3":{"start":{"line":17,"column":23},"end":{"line":17,"column":27}},"4":{"start":{"line":42,"column":28},"end":{"line":42,"column":78}},"5":{"start":{"line":43,"column":46},"end":{"line":43,"column":55}},"6":{"start":{"line":44,"column":21},"end":{"line":44,"column":45}},"7":{"start":{"line":45,"column":26},"end":{"line":45,"column":55}},"8":{"start":{"line":46,"column":17},"end":{"line":46,"column":63}},"9":{"start":{"line":47,"column":22},"end":{"line":47,"column":52}},"10":{"start":{"line":48,"column":26},"end":{"line":48,"column":28}},"11":{"start":{"line":49,"column":20},"end":{"line":49,"column":49}},"12":{"start":{"line":51,"column":21},"end":{"line":51,"column":38}},"13":{"start":{"line":53,"column":38},"end":{"line":53,"column":62}},"14":{"start":{"line":55,"column":2},"end":{"line":57,"column":9}},"15":{"start":{"line":56,"column":4},"end":{"line":56,"column":24}},"16":{"start":{"line":59,"column":2},"end":{"line":80,"column":40}},"17":{"start":{"line":60,"column":4},"end":{"line":60,"column":28}},"18":{"start":{"line":60,"column":21},"end":{"line":60,"column":28}},"19":{"start":{"line":62,"column":4},"end":{"line":78,"column":5}},"20":{"start":{"line":63,"column":6},"end":{"line":63,"column":46}},"21":{"start":{"line":64,"column":6},"end":{"line":69,"column":9}},"22":{"start":{"line":71,"column":6},"end":{"line":71,"column":39}},"23":{"start":{"line":72,"column":6},"end":{"line":77,"column":9}},"24":{"start":{"line":82,"column":24},"end":{"line":84,"column":5}},"25":{"start":{"line":82,"column":48},"end":{"line":84,"column":3}},"26":{"start":{"line":86,"column":20},"end":{"line":96,"column":58}},"27":{"start":{"line":98,"column":2},"end":{"line":122,"column":4}}},"fnMap":{"0":{"name":"AnimatedWalletCard","decl":{"start":{"line":34,"column":24},"end":{"line":34,"column":42}},"loc":{"start":{"line":41,"column":28},"end":{"line":123,"column":1}},"line":41},"1":{"name":"(anonymous_1)","decl":{"start":{"line":55,"column":12},"end":{"line":55,"column":13}},"loc":{"start":{"line":55,"column":18},"end":{"line":57,"column":3}},"line":55},"2":{"name":"(anonymous_2)","decl":{"start":{"line":59,"column":12},"end":{"line":59,"column":13}},"loc":{"start":{"line":59,"column":18},"end":{"line":80,"column":3}},"line":59},"3":{"name":"(anonymous_3)","decl":{"start":{"line":82,"column":41},"end":{"line":82,"column":42}},"loc":{"start":{"line":82,"column":48},"end":{"line":84,"column":3}},"line":82}},"branchMap":{"0":{"loc":{"start":{"line":46,"column":17},"end":{"line":46,"column":63}},"type":"cond-expr","locations":[{"start":{"line":46,"column":30},"end":{"line":46,"column":48}},{"start":{"line":46,"column":51},"end":{"line":46,"column":63}}],"line":46},"1":{"loc":{"start":{"line":60,"column":4},"end":{"line":60,"column":28}},"type":"if","locations":[{"start":{"line":60,"column":4},"end":{"line":60,"column":28}},{"start":{},"end":{}}],"line":60},"2":{"loc":{"start":{"line":62,"column":4},"end":{"line":78,"column":5}},"type":"if","locations":[{"start":{"line":62,"column":4},"end":{"line":78,"column":5}},{"start":{"line":70,"column":11},"end":{"line":78,"column":5}}],"line":62},"3":{"loc":{"start":{"line":86,"column":20},"end":{"line":96,"column":58}},"type":"cond-expr","locations":[{"start":{"line":87,"column":6},"end":{"line":95,"column":7}},{"start":{"line":96,"column":6},"end":{"line":96,"column":58}}],"line":86},"4":{"loc":{"start":{"line":94,"column":17},"end":{"line":94,"column":37}},"type":"cond-expr","locations":[{"start":{"line":94,"column":30},"end":{"line":94,"column":33}},{"start":{"line":94,"column":36},"end":{"line":94,"column":37}}],"line":94},"5":{"loc":{"start":{"line":107,"column":18},"end":{"line":107,"column":55}},"type":"cond-expr","locations":[{"start":{"line":107,"column":31},"end":{"line":107,"column":34}},{"start":{"line":107,"column":37},"end":{"line":107,"column":55}}],"line":107},"6":{"loc":{"start":{"line":116,"column":10},"end":{"line":118,"column":37}},"type":"cond-expr","locations":[{"start":{"line":117,"column":14},"end":{"line":117,"column":37}},{"start":{"line":118,"column":14},"end":{"line":118,"column":37}}],"line":116}},"s":{"0":2,"1":2,"2":2,"3":2,"4":24,"5":24,"6":24,"7":24,"8":24,"9":24,"10":24,"11":24,"12":24,"13":24,"14":24,"15":12,"16":24,"17":24,"18":12,"19":12,"20":1,"21":1,"22":11,"23":11,"24":24,"25":0,"26":24,"27":24},"f":{"0":24,"1":12,"2":24,"3":0},"b":{"0":[12,12],"1":[12,12],"2":[1,11],"3":[2,22],"4":[2,0],"5":[2,22],"6":[4,20]},"_coverageSchema":"1a1c01bbd47fc00a2c39e90264f33305004495a9","hash":"6a9df969109561f8fc872504561dafba237bb1d7"}
,"/Users/marcusholanda/Documents/repos/fast-wallet/src/app/modules/wallet/components/BackgroundRectangle.tsx": {"path":"/Users/marcusholanda/Documents/repos/fast-wallet/src/app/modules/wallet/components/BackgroundRectangle.tsx","statementMap":{"0":{"start":{"line":10,"column":35},"end":{"line":29,"column":1}},"1":{"start":{"line":12,"column":4},"end":{"line":27,"column":6}},"2":{"start":{"line":30,"column":0},"end":{"line":30,"column":56}},"3":{"start":{"line":32,"column":15},"end":{"line":39,"column":2}}},"fnMap":{"0":{"name":"(anonymous_0)","decl":{"start":{"line":11,"column":2},"end":{"line":11,"column":3}},"loc":{"start":{"line":11,"column":32},"end":{"line":28,"column":3}},"line":11}},"branchMap":{"0":{"loc":{"start":{"line":21,"column":24},"end":{"line":21,"column":42}},"type":"binary-expr","locations":[{"start":{"line":21,"column":24},"end":{"line":21,"column":32}},{"start":{"line":21,"column":36},"end":{"line":21,"column":42}}],"line":21}},"s":{"0":3,"1":28,"2":3,"3":3},"f":{"0":28},"b":{"0":[28,0]},"_coverageSchema":"1a1c01bbd47fc00a2c39e90264f33305004495a9","hash":"37dc1a59c8887da96005007e1d5d643a8f453659"}
,"/Users/marcusholanda/Documents/repos/fast-wallet/src/app/modules/wallet/components/WalletLoading.tsx": {"path":"/Users/marcusholanda/Documents/repos/fast-wallet/src/app/modules/wallet/components/WalletLoading.tsx","statementMap":{"0":{"start":{"line":21,"column":24},"end":{"line":36,"column":1}},"1":{"start":{"line":38,"column":26},"end":{"line":38,"column":69}},"2":{"start":{"line":46,"column":2},"end":{"line":58,"column":25}},"3":{"start":{"line":47,"column":14},"end":{"line":47,"column":28}},"4":{"start":{"line":48,"column":4},"end":{"line":57,"column":6}},"5":{"start":{"line":62,"column":19},"end":{"line":62,"column":44}},"6":{"start":{"line":63,"column":22},"end":{"line":63,"column":47}},"7":{"start":{"line":64,"column":24},"end":{"line":64,"column":49}},"8":{"start":{"line":66,"column":2},"end":{"line":93,"column":45}},"9":{"start":{"line":67,"column":4},"end":{"line":92,"column":6}},"10":{"start":{"line":77,"column":10},"end":{"line":89,"column":11}},"11":{"start":{"line":78,"column":12},"end":{"line":82,"column":15}},"12":{"start":{"line":84,"column":12},"end":{"line":88,"column":15}},"13":{"start":{"line":95,"column":2},"end":{"line":95,"column":50}},"14":{"start":{"line":99,"column":51},"end":{"line":99,"column":71}},"15":{"start":{"line":101,"column":36},"end":{"line":112,"column":4}},"16":{"start":{"line":114,"column":23},"end":{"line":119,"column":3}},"17":{"start":{"line":120,"column":26},"end":{"line":125,"column":3}},"18":{"start":{"line":127,"column":26},"end":{"line":129,"column":5}},"19":{"start":{"line":127,"column":50},"end":{"line":129,"column":3}},"20":{"start":{"line":131,"column":24},"end":{"line":137,"column":5}},"21":{"start":{"line":131,"column":48},"end":{"line":137,"column":3}},"22":{"start":{"line":139,"column":2},"end":{"line":154,"column":4}},"23":{"start":{"line":157,"column":15},"end":{"line":180,"column":2}}},"fnMap":{"0":{"name":"useMergeAnimStyle","decl":{"start":{"line":40,"column":9},"end":{"line":40,"column":26}},"loc":{"start":{"line":45,"column":2},"end":{"line":59,"column":1}},"line":45},"1":{"name":"(anonymous_1)","decl":{"start":{"line":46,"column":26},"end":{"line":46,"column":27}},"loc":{"start":{"line":46,"column":32},"end":{"line":58,"column":3}},"line":46},"2":{"name":"useWalletAnimation","decl":{"start":{"line":61,"column":9},"end":{"line":61,"column":27}},"loc":{"start":{"line":61,"column":30},"end":{"line":96,"column":1}},"line":61},"3":{"name":"(anonymous_3)","decl":{"start":{"line":66,"column":12},"end":{"line":66,"column":13}},"loc":{"start":{"line":66,"column":18},"end":{"line":93,"column":3}},"line":66},"4":{"name":"(anonymous_4)","decl":{"start":{"line":76,"column":8},"end":{"line":76,"column":9}},"loc":{"start":{"line":76,"column":22},"end":{"line":90,"column":9}},"line":76},"5":{"name":"WalletLoading","decl":{"start":{"line":98,"column":16},"end":{"line":98,"column":29}},"loc":{"start":{"line":98,"column":51},"end":{"line":155,"column":1}},"line":98},"6":{"name":"(anonymous_6)","decl":{"start":{"line":127,"column":43},"end":{"line":127,"column":44}},"loc":{"start":{"line":127,"column":50},"end":{"line":129,"column":3}},"line":127},"7":{"name":"(anonymous_7)","decl":{"start":{"line":131,"column":41},"end":{"line":131,"column":42}},"loc":{"start":{"line":131,"column":48},"end":{"line":137,"column":3}},"line":131}},"branchMap":{"0":{"loc":{"start":{"line":77,"column":10},"end":{"line":89,"column":11}},"type":"if","locations":[{"start":{"line":77,"column":10},"end":{"line":89,"column":11}},{"start":{},"end":{}}],"line":77}},"s":{"0":1,"1":1,"2":16,"3":0,"4":0,"5":8,"6":8,"7":8,"8":8,"9":8,"10":0,"11":0,"12":0,"13":8,"14":8,"15":8,"16":8,"17":8,"18":8,"19":0,"20":8,"21":8,"22":8,"23":1},"f":{"0":16,"1":0,"2":8,"3":8,"4":0,"5":8,"6":0,"7":8},"b":{"0":[0,0]},"_coverageSchema":"1a1c01bbd47fc00a2c39e90264f33305004495a9","hash":"fd17dfbd576f0444f7bd37c054761eddc77d03cf"}
,"/Users/marcusholanda/Documents/repos/fast-wallet/src/app/modules/wallet/hooks/useGetCards.ts": {"path":"/Users/marcusholanda/Documents/repos/fast-wallet/src/app/modules/wallet/hooks/useGetCards.ts","statementMap":{"0":{"start":{"line":12,"column":20},"end":{"line":41,"column":1}},"1":{"start":{"line":17,"column":6},"end":{"line":17,"column":49}},"2":{"start":{"line":19,"column":19},"end":{"line":19,"column":35}},"3":{"start":{"line":20,"column":19},"end":{"line":20,"column":37}},"4":{"start":{"line":22,"column":21},"end":{"line":31,"column":46}},"5":{"start":{"line":23,"column":4},"end":{"line":27,"column":5}},"6":{"start":{"line":24,"column":6},"end":{"line":24,"column":61}},"7":{"start":{"line":25,"column":6},"end":{"line":25,"column":24}},"8":{"start":{"line":26,"column":6},"end":{"line":26,"column":13}},"9":{"start":{"line":28,"column":4},"end":{"line":30,"column":5}},"10":{"start":{"line":29,"column":6},"end":{"line":29,"column":37}},"11":{"start":{"line":33,"column":2},"end":{"line":35,"column":19}},"12":{"start":{"line":34,"column":4},"end":{"line":34,"column":17}},"13":{"start":{"line":37,"column":2},"end":{"line":40,"column":4}}},"fnMap":{"0":{"name":"(anonymous_0)","decl":{"start":{"line":12,"column":20},"end":{"line":12,"column":21}},"loc":{"start":{"line":12,"column":26},"end":{"line":41,"column":1}},"line":12},"1":{"name":"(anonymous_1)","decl":{"start":{"line":22,"column":33},"end":{"line":22,"column":34}},"loc":{"start":{"line":22,"column":39},"end":{"line":31,"column":3}},"line":22},"2":{"name":"(anonymous_2)","decl":{"start":{"line":33,"column":12},"end":{"line":33,"column":13}},"loc":{"start":{"line":33,"column":18},"end":{"line":35,"column":3}},"line":33}},"branchMap":{"0":{"loc":{"start":{"line":23,"column":4},"end":{"line":27,"column":5}},"type":"if","locations":[{"start":{"line":23,"column":4},"end":{"line":27,"column":5}},{"start":{},"end":{}}],"line":23},"1":{"loc":{"start":{"line":28,"column":4},"end":{"line":30,"column":5}},"type":"if","locations":[{"start":{"line":28,"column":4},"end":{"line":30,"column":5}},{"start":{},"end":{}}],"line":28}},"s":{"0":1,"1":67,"2":67,"3":67,"4":67,"5":67,"6":0,"7":0,"8":0,"9":67,"10":60,"11":67,"12":67,"13":67},"f":{"0":67,"1":67,"2":67},"b":{"0":[0,67],"1":[60,7]},"_coverageSchema":"1a1c01bbd47fc00a2c39e90264f33305004495a9","hash":"962f145473df34f590643eb00b3ee3e8ff7d1a86"}
,"/Users/marcusholanda/Documents/repos/fast-wallet/src/app/modules/wallet/screens/WalletScreen.tsx": {"path":"/Users/marcusholanda/Documents/repos/fast-wallet/src/app/modules/wallet/screens/WalletScreen.tsx","statementMap":{"0":{"start":{"line":14,"column":27},"end":{"line":14,"column":31}},"1":{"start":{"line":17,"column":42},"end":{"line":17,"column":65}},"2":{"start":{"line":19,"column":16},"end":{"line":19,"column":60}},"3":{"start":{"line":19,"column":42},"end":{"line":19,"column":59}},"4":{"start":{"line":20,"column":24},"end":{"line":20,"column":37}},"5":{"start":{"line":21,"column":21},"end":{"line":21,"column":39}},"6":{"start":{"line":22,"column":22},"end":{"line":22,"column":43}},"7":{"start":{"line":24,"column":33},"end":{"line":24,"column":54}},"8":{"start":{"line":25,"column":26},"end":{"line":25,"column":28}},"9":{"start":{"line":26,"column":22},"end":{"line":26,"column":51}},"10":{"start":{"line":27,"column":26},"end":{"line":27,"column":51}},"11":{"start":{"line":29,"column":2},"end":{"line":32,"column":9}},"12":{"start":{"line":30,"column":18},"end":{"line":30,"column":78}},"13":{"start":{"line":30,"column":35},"end":{"line":30,"column":57}},"14":{"start":{"line":31,"column":4},"end":{"line":31,"column":37}},"15":{"start":{"line":31,"column":17},"end":{"line":31,"column":36}},"16":{"start":{"line":34,"column":2},"end":{"line":36,"column":36}},"17":{"start":{"line":35,"column":4},"end":{"line":35,"column":61}},"18":{"start":{"line":38,"column":2},"end":{"line":38,"column":48}},"19":{"start":{"line":38,"column":23},"end":{"line":38,"column":48}},"20":{"start":{"line":40,"column":2},"end":{"line":85,"column":4}},"21":{"start":{"line":44,"column":24},"end":{"line":44,"column":57}},"22":{"start":{"line":45,"column":10},"end":{"line":59,"column":12}},"23":{"start":{"line":57,"column":29},"end":{"line":57,"column":71}},"24":{"start":{"line":88,"column":15},"end":{"line":95,"column":2}}},"fnMap":{"0":{"name":"WalletScreen","decl":{"start":{"line":16,"column":24},"end":{"line":16,"column":36}},"loc":{"start":{"line":16,"column":52},"end":{"line":86,"column":1}},"line":16},"1":{"name":"(anonymous_1)","decl":{"start":{"line":19,"column":31},"end":{"line":19,"column":32}},"loc":{"start":{"line":19,"column":42},"end":{"line":19,"column":59}},"line":19},"2":{"name":"(anonymous_2)","decl":{"start":{"line":29,"column":12},"end":{"line":29,"column":13}},"loc":{"start":{"line":29,"column":18},"end":{"line":32,"column":3}},"line":29},"3":{"name":"(anonymous_3)","decl":{"start":{"line":30,"column":29},"end":{"line":30,"column":30}},"loc":{"start":{"line":30,"column":35},"end":{"line":30,"column":57}},"line":30},"4":{"name":"(anonymous_4)","decl":{"start":{"line":31,"column":11},"end":{"line":31,"column":12}},"loc":{"start":{"line":31,"column":17},"end":{"line":31,"column":36}},"line":31},"5":{"name":"(anonymous_5)","decl":{"start":{"line":34,"column":12},"end":{"line":34,"column":13}},"loc":{"start":{"line":34,"column":18},"end":{"line":36,"column":3}},"line":34},"6":{"name":"(anonymous_6)","decl":{"start":{"line":43,"column":20},"end":{"line":43,"column":21}},"loc":{"start":{"line":43,"column":37},"end":{"line":60,"column":9}},"line":43},"7":{"name":"(anonymous_7)","decl":{"start":{"line":57,"column":23},"end":{"line":57,"column":24}},"loc":{"start":{"line":57,"column":29},"end":{"line":57,"column":71}},"line":57},"8":{"name":"(anonymous_8)","decl":{"start":{"line":65,"column":23},"end":{"line":65,"column":24}},"loc":{"start":{"line":65,"column":29},"end":{"line":65,"column":31}},"line":65}},"branchMap":{"0":{"loc":{"start":{"line":27,"column":26},"end":{"line":27,"column":51}},"type":"binary-expr","locations":[{"start":{"line":27,"column":26},"end":{"line":27,"column":35}},{"start":{"line":27,"column":39},"end":{"line":27,"column":51}}],"line":27},"1":{"loc":{"start":{"line":38,"column":2},"end":{"line":38,"column":48}},"type":"if","locations":[{"start":{"line":38,"column":2},"end":{"line":38,"column":48}},{"start":{},"end":{}}],"line":38},"2":{"loc":{"start":{"line":61,"column":9},"end":{"line":70,"column":9}},"type":"binary-expr","locations":[{"start":{"line":61,"column":9},"end":{"line":61,"column":46}},{"start":{"line":62,"column":10},"end":{"line":69,"column":17}}],"line":61},"3":{"loc":{"start":{"line":71,"column":9},"end":{"line":82,"column":9}},"type":"binary-expr","locations":[{"start":{"line":71,"column":9},"end":{"line":71,"column":47}},{"start":{"line":72,"column":10},"end":{"line":81,"column":17}}],"line":71}},"s":{"0":1,"1":68,"2":67,"3":129,"4":67,"5":67,"6":67,"7":67,"8":67,"9":67,"10":67,"11":67,"12":7,"13":6,"14":7,"15":7,"16":67,"17":66,"18":67,"19":8,"20":59,"21":6,"22":6,"23":0,"24":1},"f":{"0":68,"1":129,"2":7,"3":6,"4":7,"5":66,"6":6,"7":0,"8":1},"b":{"0":[67,60],"1":[8,59],"2":[59,58],"3":[59,1]},"_coverageSchema":"1a1c01bbd47fc00a2c39e90264f33305004495a9","hash":"664de7461b9eb2911d5e543c625397f0a86ecb37"}
,"/Users/marcusholanda/Documents/repos/fast-wallet/src/app/modules/wallet/services/card.ts": {"path":"/Users/marcusholanda/Documents/repos/fast-wallet/src/app/modules/wallet/services/card.ts","statementMap":{"0":{"start":{"line":7,"column":24},"end":{"line":11,"column":1}},"1":{"start":{"line":8,"column":19},"end":{"line":8,"column":56}},"2":{"start":{"line":10,"column":2},"end":{"line":10,"column":18}}},"fnMap":{"0":{"name":"(anonymous_0)","decl":{"start":{"line":7,"column":24},"end":{"line":7,"column":25}},"loc":{"start":{"line":7,"column":67},"end":{"line":11,"column":1}},"line":7}},"branchMap":{},"s":{"0":1,"1":0,"2":0},"f":{"0":0},"b":{},"_coverageSchema":"1a1c01bbd47fc00a2c39e90264f33305004495a9","hash":"0d024cc0c4010c8f90817ebde6f3edab246fed2d"}
,"/Users/marcusholanda/Documents/repos/fast-wallet/src/app/shared/components/buttons/Button.tsx": {"path":"/Users/marcusholanda/Documents/repos/fast-wallet/src/app/shared/components/buttons/Button.tsx","statementMap":{"0":{"start":{"line":31,"column":2},"end":{"line":48,"column":4}},"1":{"start":{"line":51,"column":15},"end":{"line":62,"column":2}}},"fnMap":{"0":{"name":"Button","decl":{"start":{"line":21,"column":24},"end":{"line":21,"column":30}},"loc":{"start":{"line":30,"column":16},"end":{"line":49,"column":1}},"line":30}},"branchMap":{"0":{"loc":{"start":{"line":26,"column":2},"end":{"line":26,"column":20}},"type":"default-arg","locations":[{"start":{"line":26,"column":14},"end":{"line":26,"column":20}}],"line":26},"1":{"loc":{"start":{"line":27,"column":2},"end":{"line":27,"column":16}},"type":"default-arg","locations":[{"start":{"line":27,"column":10},"end":{"line":27,"column":16}}],"line":27},"2":{"loc":{"start":{"line":28,"column":2},"end":{"line":28,"column":19}},"type":"default-arg","locations":[{"start":{"line":28,"column":14},"end":{"line":28,"column":19}}],"line":28},"3":{"loc":{"start":{"line":38,"column":7},"end":{"line":46,"column":7}},"type":"cond-expr","locations":[{"start":{"line":39,"column":8},"end":{"line":43,"column":10}},{"start":{"line":45,"column":8},"end":{"line":45,"column":72}}],"line":38}},"s":{"0":116,"1":5},"f":{"0":116},"b":{"0":[61],"1":[9],"2":[67],"3":[2,114]},"_coverageSchema":"1a1c01bbd47fc00a2c39e90264f33305004495a9","hash":"0e8fbd559c5ce509963cdbf995e4af7fccab65a4"}
,"/Users/marcusholanda/Documents/repos/fast-wallet/src/app/shared/components/cards/CreditCard.tsx": {"path":"/Users/marcusholanda/Documents/repos/fast-wallet/src/app/shared/components/cards/CreditCard.tsx","statementMap":{"0":{"start":{"line":21,"column":42},"end":{"line":28,"column":3}},"1":{"start":{"line":22,"column":4},"end":{"line":22,"column":43}},"2":{"start":{"line":22,"column":26},"end":{"line":22,"column":43}},"3":{"start":{"line":24,"column":4},"end":{"line":26,"column":5}},"4":{"start":{"line":25,"column":6},"end":{"line":25,"column":21}},"5":{"start":{"line":27,"column":4},"end":{"line":27,"column":19}},"6":{"start":{"line":30,"column":2},"end":{"line":55,"column":4}},"7":{"start":{"line":58,"column":15},"end":{"line":96,"column":2}}},"fnMap":{"0":{"name":"CreditCard","decl":{"start":{"line":15,"column":24},"end":{"line":15,"column":34}},"loc":{"start":{"line":20,"column":20},"end":{"line":56,"column":1}},"line":20},"1":{"name":"(anonymous_1)","decl":{"start":{"line":21,"column":42},"end":{"line":21,"column":43}},"loc":{"start":{"line":21,"column":48},"end":{"line":28,"column":3}},"line":21}},"branchMap":{"0":{"loc":{"start":{"line":22,"column":4},"end":{"line":22,"column":43}},"type":"if","locations":[{"start":{"line":22,"column":4},"end":{"line":22,"column":43}},{"start":{},"end":{}}],"line":22},"1":{"loc":{"start":{"line":24,"column":4},"end":{"line":26,"column":5}},"type":"if","locations":[{"start":{"line":24,"column":4},"end":{"line":26,"column":5}},{"start":{},"end":{}}],"line":24},"2":{"loc":{"start":{"line":32,"column":14},"end":{"line":32,"column":48}},"type":"binary-expr","locations":[{"start":{"line":32,"column":14},"end":{"line":32,"column":20}},{"start":{"line":32,"column":24},"end":{"line":32,"column":48}}],"line":32},"3":{"loc":{"start":{"line":46,"column":17},"end":{"line":46,"column":39}},"type":"binary-expr","locations":[{"start":{"line":46,"column":17},"end":{"line":46,"column":26}},{"start":{"line":46,"column":30},"end":{"line":46,"column":39}}],"line":46}},"s":{"0":30,"1":30,"2":0,"3":30,"4":13,"5":17,"6":30,"7":4},"f":{"0":30,"1":30},"b":{"0":[0,30],"1":[13,17],"2":[30,27],"3":[30,0]},"_coverageSchema":"1a1c01bbd47fc00a2c39e90264f33305004495a9","hash":"73f38da0663d49870f99a8b7de6a8b0ee5801aa9"}
,"/Users/marcusholanda/Documents/repos/fast-wallet/src/app/shared/components/cards/MaskedCardNumber.tsx": {"path":"/Users/marcusholanda/Documents/repos/fast-wallet/src/app/shared/components/cards/MaskedCardNumber.tsx","statementMap":{"0":{"start":{"line":15,"column":58},"end":{"line":49,"column":1}},"1":{"start":{"line":25,"column":16},"end":{"line":25,"column":41}},"2":{"start":{"line":26,"column":15},"end":{"line":26,"column":42}},"3":{"start":{"line":27,"column":23},"end":{"line":27,"column":64}},"4":{"start":{"line":28,"column":20},"end":{"line":28,"column":49}},"5":{"start":{"line":31,"column":4},"end":{"line":31,"column":74}},"6":{"start":{"line":34,"column":4},"end":{"line":36,"column":8}},"7":{"start":{"line":38,"column":18},"end":{"line":38,"column":77}},"8":{"start":{"line":40,"column":2},"end":{"line":48,"column":4}}},"fnMap":{"0":{"name":"(anonymous_0)","decl":{"start":{"line":15,"column":58},"end":{"line":15,"column":59}},"loc":{"start":{"line":24,"column":6},"end":{"line":49,"column":1}},"line":24}},"branchMap":{"0":{"loc":{"start":{"line":17,"column":2},"end":{"line":17,"column":19}},"type":"default-arg","locations":[{"start":{"line":17,"column":18},"end":{"line":17,"column":19}}],"line":17},"1":{"loc":{"start":{"line":18,"column":2},"end":{"line":18,"column":15}},"type":"default-arg","locations":[{"start":{"line":18,"column":14},"end":{"line":18,"column":15}}],"line":18},"2":{"loc":{"start":{"line":19,"column":2},"end":{"line":19,"column":16}},"type":"default-arg","locations":[{"start":{"line":19,"column":13},"end":{"line":19,"column":16}}],"line":19},"3":{"loc":{"start":{"line":20,"column":2},"end":{"line":20,"column":19}},"type":"default-arg","locations":[{"start":{"line":20,"column":10},"end":{"line":20,"column":19}}],"line":20},"4":{"loc":{"start":{"line":31,"column":4},"end":{"line":31,"column":74}},"type":"binary-expr","locations":[{"start":{"line":31,"column":4},"end":{"line":31,"column":68}},{"start":{"line":31,"column":72},"end":{"line":31,"column":74}}],"line":31},"5":{"loc":{"start":{"line":34,"column":4},"end":{"line":36,"column":8}},"type":"binary-expr","locations":[{"start":{"line":34,"column":4},"end":{"line":34,"column":20}},{"start":{"line":35,"column":4},"end":{"line":35,"column":63}},{"start":{"line":36,"column":4},"end":{"line":36,"column":8}}],"line":34}},"s":{"0":4,"1":30,"2":30,"3":30,"4":30,"5":30,"6":30,"7":30,"8":30},"f":{"0":30},"b":{"0":[30],"1":[30],"2":[30],"3":[0],"4":[30,0],"5":[30,0,0]},"_coverageSchema":"1a1c01bbd47fc00a2c39e90264f33305004495a9","hash":"bc19775de3d45e5e5795a2c9130432ad45d274f8"}
,"/Users/marcusholanda/Documents/repos/fast-wallet/src/app/shared/components/containers/PageContainer.tsx": {"path":"/Users/marcusholanda/Documents/repos/fast-wallet/src/app/shared/components/containers/PageContainer.tsx","statementMap":{"0":{"start":{"line":15,"column":28},"end":{"line":15,"column":31}},"1":{"start":{"line":16,"column":23},"end":{"line":16,"column":27}},"2":{"start":{"line":18,"column":22},"end":{"line":52,"column":1}},"3":{"start":{"line":23,"column":36},"end":{"line":23,"column":71}},"4":{"start":{"line":25,"column":29},"end":{"line":28,"column":3}},"5":{"start":{"line":30,"column":2},"end":{"line":51,"column":4}},"6":{"start":{"line":54,"column":15},"end":{"line":71,"column":2}}},"fnMap":{"0":{"name":"(anonymous_0)","decl":{"start":{"line":18,"column":22},"end":{"line":18,"column":23}},"loc":{"start":{"line":22,"column":26},"end":{"line":52,"column":1}},"line":22}},"branchMap":{"0":{"loc":{"start":{"line":20,"column":2},"end":{"line":20,"column":18}},"type":"default-arg","locations":[{"start":{"line":20,"column":14},"end":{"line":20,"column":18}}],"line":20},"1":{"loc":{"start":{"line":21,"column":2},"end":{"line":21,"column":32}},"type":"default-arg","locations":[{"start":{"line":21,"column":28},"end":{"line":21,"column":32}}],"line":21},"2":{"loc":{"start":{"line":32,"column":7},"end":{"line":34,"column":7}},"type":"binary-expr","locations":[{"start":{"line":32,"column":7},"end":{"line":32,"column":30}},{"start":{"line":33,"column":8},"end":{"line":33,"column":66}}],"line":32},"3":{"loc":{"start":{"line":37,"column":9},"end":{"line":44,"column":9}},"type":"binary-expr","locations":[{"start":{"line":37,"column":9},"end":{"line":37,"column":18}},{"start":{"line":38,"column":10},"end":{"line":43,"column":26}}],"line":37},"4":{"loc":{"start":{"line":47,"column":7},"end":{"line":49,"column":7}},"type":"binary-expr","locations":[{"start":{"line":47,"column":7},"end":{"line":47,"column":30}},{"start":{"line":48,"column":8},"end":{"line":48,"column":70}}],"line":47}},"s":{"0":3,"1":3,"2":3,"3":65,"4":65,"5":65,"6":3},"f":{"0":65},"b":{"0":[3],"1":[3],"2":[65,6],"3":[65,6],"4":[65,6]},"_coverageSchema":"1a1c01bbd47fc00a2c39e90264f33305004495a9","hash":"bd7a833783e19f0f4815200ca5091bf6b42cf43b"}
,"/Users/marcusholanda/Documents/repos/fast-wallet/src/app/shared/components/inputs/InputText.tsx": {"path":"/Users/marcusholanda/Documents/repos/fast-wallet/src/app/shared/components/inputs/InputText.tsx","statementMap":{"0":{"start":{"line":22,"column":44},"end":{"line":61,"column":1}},"1":{"start":{"line":33,"column":2},"end":{"line":60,"column":4}},"2":{"start":{"line":48,"column":36},"end":{"line":48,"column":62}},"3":{"start":{"line":63,"column":15},"end":{"line":95,"column":2}}},"fnMap":{"0":{"name":"(anonymous_0)","decl":{"start":{"line":22,"column":44},"end":{"line":22,"column":45}},"loc":{"start":{"line":32,"column":6},"end":{"line":61,"column":1}},"line":32},"1":{"name":"(anonymous_1)","decl":{"start":{"line":48,"column":26},"end":{"line":48,"column":27}},"loc":{"start":{"line":48,"column":36},"end":{"line":48,"column":62}},"line":48}},"branchMap":{"0":{"loc":{"start":{"line":38,"column":9},"end":{"line":51,"column":9}},"type":"cond-expr","locations":[{"start":{"line":39,"column":10},"end":{"line":44,"column":12}},{"start":{"line":46,"column":10},"end":{"line":50,"column":12}}],"line":38},"1":{"loc":{"start":{"line":52,"column":9},"end":{"line":52,"column":65}},"type":"binary-expr","locations":[{"start":{"line":52,"column":9},"end":{"line":52,"column":13}},{"start":{"line":52,"column":17},"end":{"line":52,"column":65}}],"line":52},"2":{"loc":{"start":{"line":54,"column":7},"end":{"line":58,"column":7}},"type":"binary-expr","locations":[{"start":{"line":54,"column":7},"end":{"line":54,"column":16}},{"start":{"line":55,"column":8},"end":{"line":57,"column":15}}],"line":54}},"s":{"0":2,"1":223,"2":8,"3":2},"f":{"0":223,"1":8},"b":{"0":[154,69],"1":[223,3],"2":[223,11]},"_coverageSchema":"1a1c01bbd47fc00a2c39e90264f33305004495a9","hash":"31ed18cc2ff4fbebfad618b2dec56b9e59256681"}
,"/Users/marcusholanda/Documents/repos/fast-wallet/src/app/shared/constants/endpoints.ts": {"path":"/Users/marcusholanda/Documents/repos/fast-wallet/src/app/shared/constants/endpoints.ts","statementMap":{"0":{"start":{"line":1,"column":23},"end":{"line":1,"column":31}}},"fnMap":{},"branchMap":{},"s":{"0":3},"f":{},"b":{},"_coverageSchema":"1a1c01bbd47fc00a2c39e90264f33305004495a9","hash":"361ac8c31f984a9fefafb1aff4144ac9fc419141"}
,"/Users/marcusholanda/Documents/repos/fast-wallet/src/app/shared/hooks/useAppMutation.ts": {"path":"/Users/marcusholanda/Documents/repos/fast-wallet/src/app/shared/hooks/useAppMutation.ts","statementMap":{"0":{"start":{"line":23,"column":36},"end":{"line":23,"column":51}},"1":{"start":{"line":24,"column":28},"end":{"line":24,"column":51}},"2":{"start":{"line":27,"column":4},"end":{"line":27,"column":23}},"3":{"start":{"line":28,"column":4},"end":{"line":28,"column":19}},"4":{"start":{"line":29,"column":4},"end":{"line":39,"column":5}},"5":{"start":{"line":30,"column":19},"end":{"line":30,"column":44}},"6":{"start":{"line":31,"column":6},"end":{"line":31,"column":24}},"7":{"start":{"line":32,"column":6},"end":{"line":32,"column":18}},"8":{"start":{"line":34,"column":6},"end":{"line":34,"column":21}},"9":{"start":{"line":35,"column":6},"end":{"line":35,"column":20}},"10":{"start":{"line":36,"column":6},"end":{"line":36,"column":16}},"11":{"start":{"line":38,"column":6},"end":{"line":38,"column":26}},"12":{"start":{"line":42,"column":2},"end":{"line":46,"column":4}}},"fnMap":{"0":{"name":"useAppMutation","decl":{"start":{"line":15,"column":16},"end":{"line":15,"column":30}},"loc":{"start":{"line":22,"column":2},"end":{"line":47,"column":1}},"line":22},"1":{"name":"mutate","decl":{"start":{"line":26,"column":17},"end":{"line":26,"column":23}},"loc":{"start":{"line":26,"column":47},"end":{"line":40,"column":3}},"line":26}},"branchMap":{},"s":{"0":45,"1":45,"2":3,"3":3,"4":3,"5":3,"6":1,"7":1,"8":1,"9":1,"10":1,"11":2,"12":45},"f":{"0":45,"1":3},"b":{},"_coverageSchema":"1a1c01bbd47fc00a2c39e90264f33305004495a9","hash":"2e21f78e8a20afbfe8e3510a5f45f63ed626eea3"}
,"/Users/marcusholanda/Documents/repos/fast-wallet/src/app/shared/hooks/useAppNavigation.ts": {"path":"/Users/marcusholanda/Documents/repos/fast-wallet/src/app/shared/hooks/useAppNavigation.ts","statementMap":{"0":{"start":{"line":5,"column":32},"end":{"line":7,"column":1}},"1":{"start":{"line":6,"column":2},"end":{"line":6,"column":72}}},"fnMap":{"0":{"name":"(anonymous_0)","decl":{"start":{"line":5,"column":32},"end":{"line":5,"column":33}},"loc":{"start":{"line":5,"column":38},"end":{"line":7,"column":1}},"line":5}},"branchMap":{},"s":{"0":3,"1":51},"f":{"0":51},"b":{},"_coverageSchema":"1a1c01bbd47fc00a2c39e90264f33305004495a9","hash":"36e79bb24af3ec0f1dcfc73ab448296940c926fa"}
,"/Users/marcusholanda/Documents/repos/fast-wallet/src/app/shared/hooks/useAppQuery.ts": {"path":"/Users/marcusholanda/Documents/repos/fast-wallet/src/app/shared/hooks/useAppQuery.ts","statementMap":{"0":{"start":{"line":12,"column":26},"end":{"line":12,"column":43}},"1":{"start":{"line":13,"column":36},"end":{"line":13,"column":50}},"2":{"start":{"line":14,"column":28},"end":{"line":14,"column":51}},"3":{"start":{"line":16,"column":21},"end":{"line":28,"column":17}},"4":{"start":{"line":17,"column":4},"end":{"line":17,"column":23}},"5":{"start":{"line":18,"column":4},"end":{"line":18,"column":19}},"6":{"start":{"line":19,"column":4},"end":{"line":27,"column":5}},"7":{"start":{"line":20,"column":21},"end":{"line":20,"column":38}},"8":{"start":{"line":21,"column":6},"end":{"line":21,"column":22}},"9":{"start":{"line":23,"column":6},"end":{"line":23,"column":20}},"10":{"start":{"line":24,"column":6},"end":{"line":24,"column":16}},"11":{"start":{"line":26,"column":6},"end":{"line":26,"column":26}},"12":{"start":{"line":30,"column":2},"end":{"line":32,"column":19}},"13":{"start":{"line":31,"column":4},"end":{"line":31,"column":22}},"14":{"start":{"line":34,"column":2},"end":{"line":39,"column":4}}},"fnMap":{"0":{"name":"useAppQuery","decl":{"start":{"line":9,"column":16},"end":{"line":9,"column":27}},"loc":{"start":{"line":11,"column":28},"end":{"line":40,"column":1}},"line":11},"1":{"name":"(anonymous_1)","decl":{"start":{"line":16,"column":33},"end":{"line":16,"column":34}},"loc":{"start":{"line":16,"column":45},"end":{"line":28,"column":3}},"line":16},"2":{"name":"(anonymous_2)","decl":{"start":{"line":30,"column":12},"end":{"line":30,"column":13}},"loc":{"start":{"line":30,"column":18},"end":{"line":32,"column":3}},"line":30}},"branchMap":{},"s":{"0":67,"1":67,"2":67,"3":67,"4":7,"5":7,"6":7,"7":7,"8":6,"9":0,"10":0,"11":6,"12":67,"13":7,"14":67},"f":{"0":67,"1":7,"2":7},"b":{},"_coverageSchema":"1a1c01bbd47fc00a2c39e90264f33305004495a9","hash":"e29d91a72f46e72fa2e06af22f4b0eb796c26b08"}
,"/Users/marcusholanda/Documents/repos/fast-wallet/src/app/shared/hooks/useKeyboardVisibility.ts": {"path":"/Users/marcusholanda/Documents/repos/fast-wallet/src/app/shared/hooks/useKeyboardVisibility.ts","statementMap":{"0":{"start":{"line":4,"column":30},"end":{"line":33,"column":1}},"1":{"start":{"line":5,"column":52},"end":{"line":5,"column":76}},"2":{"start":{"line":7,"column":2},"end":{"line":30,"column":9}},"3":{"start":{"line":8,"column":34},"end":{"line":10,"column":5}},"4":{"start":{"line":9,"column":6},"end":{"line":9,"column":33}},"5":{"start":{"line":12,"column":34},"end":{"line":14,"column":5}},"6":{"start":{"line":13,"column":6},"end":{"line":13,"column":34}},"7":{"start":{"line":16,"column":57},"end":{"line":19,"column":5}},"8":{"start":{"line":21,"column":57},"end":{"line":24,"column":5}},"9":{"start":{"line":26,"column":4},"end":{"line":29,"column":6}},"10":{"start":{"line":27,"column":6},"end":{"line":27,"column":39}},"11":{"start":{"line":28,"column":6},"end":{"line":28,"column":39}},"12":{"start":{"line":32,"column":2},"end":{"line":32,"column":27}}},"fnMap":{"0":{"name":"(anonymous_0)","decl":{"start":{"line":4,"column":30},"end":{"line":4,"column":31}},"loc":{"start":{"line":4,"column":45},"end":{"line":33,"column":1}},"line":4},"1":{"name":"(anonymous_1)","decl":{"start":{"line":7,"column":12},"end":{"line":7,"column":13}},"loc":{"start":{"line":7,"column":18},"end":{"line":30,"column":3}},"line":7},"2":{"name":"(anonymous_2)","decl":{"start":{"line":8,"column":34},"end":{"line":8,"column":35}},"loc":{"start":{"line":8,"column":46},"end":{"line":10,"column":5}},"line":8},"3":{"name":"(anonymous_3)","decl":{"start":{"line":12,"column":34},"end":{"line":12,"column":35}},"loc":{"start":{"line":12,"column":46},"end":{"line":14,"column":5}},"line":12},"4":{"name":"(anonymous_4)","decl":{"start":{"line":26,"column":11},"end":{"line":26,"column":12}},"loc":{"start":{"line":26,"column":23},"end":{"line":29,"column":5}},"line":26}},"branchMap":{},"s":{"0":1,"1":45,"2":45,"3":15,"4":0,"5":15,"6":0,"7":15,"8":15,"9":15,"10":15,"11":15,"12":45},"f":{"0":45,"1":15,"2":0,"3":0,"4":15},"b":{},"_coverageSchema":"1a1c01bbd47fc00a2c39e90264f33305004495a9","hash":"4f0bda1e2450ed360a44aec6c405d1658b7dda44"}
,"/Users/marcusholanda/Documents/repos/fast-wallet/src/app/shared/hooks/useResponsiveBackgroundRectangles.ts": {"path":"/Users/marcusholanda/Documents/repos/fast-wallet/src/app/shared/hooks/useResponsiveBackgroundRectangles.ts","statementMap":{"0":{"start":{"line":35,"column":28},"end":{"line":35,"column":49}},"1":{"start":{"line":36,"column":17},"end":{"line":36,"column":36}},"2":{"start":{"line":38,"column":17},"end":{"line":38,"column":36}},"3":{"start":{"line":39,"column":17},"end":{"line":39,"column":38}},"4":{"start":{"line":40,"column":16},"end":{"line":40,"column":37}},"5":{"start":{"line":42,"column":21},"end":{"line":42,"column":48}},"6":{"start":{"line":43,"column":22},"end":{"line":43,"column":51}},"7":{"start":{"line":45,"column":20},"end":{"line":45,"column":58}},"8":{"start":{"line":46,"column":21},"end":{"line":46,"column":61}},"9":{"start":{"line":48,"column":41},"end":{"line":74,"column":4}},"10":{"start":{"line":49,"column":19},"end":{"line":56,"column":5}},"11":{"start":{"line":58,"column":27},"end":{"line":58,"column":78}},"12":{"start":{"line":59,"column":29},"end":{"line":59,"column":61}},"13":{"start":{"line":60,"column":4},"end":{"line":65,"column":6}},"14":{"start":{"line":76,"column":44},"end":{"line":103,"column":4}},"15":{"start":{"line":77,"column":19},"end":{"line":84,"column":5}},"16":{"start":{"line":86,"column":19},"end":{"line":86,"column":76}},"17":{"start":{"line":87,"column":20},"end":{"line":87,"column":68}},"18":{"start":{"line":88,"column":4},"end":{"line":93,"column":6}},"19":{"start":{"line":105,"column":2},"end":{"line":105,"column":35}}},"fnMap":{"0":{"name":"useResponsiveBackgroundRectangles","decl":{"start":{"line":23,"column":24},"end":{"line":23,"column":57}},"loc":{"start":{"line":34,"column":77},"end":{"line":106,"column":1}},"line":34},"1":{"name":"(anonymous_1)","decl":{"start":{"line":48,"column":49},"end":{"line":48,"column":50}},"loc":{"start":{"line":48,"column":55},"end":{"line":66,"column":3}},"line":48},"2":{"name":"(anonymous_2)","decl":{"start":{"line":76,"column":52},"end":{"line":76,"column":53}},"loc":{"start":{"line":76,"column":58},"end":{"line":94,"column":3}},"line":76}},"branchMap":{"0":{"loc":{"start":{"line":23,"column":58},"end":{"line":34,"column":48}},"type":"default-arg","locations":[{"start":{"line":34,"column":46},"end":{"line":34,"column":48}}],"line":23},"1":{"loc":{"start":{"line":24,"column":2},"end":{"line":24,"column":19}},"type":"default-arg","locations":[{"start":{"line":24,"column":16},"end":{"line":24,"column":19}}],"line":24},"2":{"loc":{"start":{"line":25,"column":2},"end":{"line":25,"column":20}},"type":"default-arg","locations":[{"start":{"line":25,"column":17},"end":{"line":25,"column":20}}],"line":25},"3":{"loc":{"start":{"line":26,"column":2},"end":{"line":26,"column":21}},"type":"default-arg","locations":[{"start":{"line":26,"column":18},"end":{"line":26,"column":21}}],"line":26},"4":{"loc":{"start":{"line":27,"column":2},"end":{"line":27,"column":22}},"type":"default-arg","locations":[{"start":{"line":27,"column":19},"end":{"line":27,"column":22}}],"line":27},"5":{"loc":{"start":{"line":28,"column":2},"end":{"line":28,"column":26}},"type":"default-arg","locations":[{"start":{"line":28,"column":22},"end":{"line":28,"column":26}}],"line":28},"6":{"loc":{"start":{"line":29,"column":2},"end":{"line":29,"column":26}},"type":"default-arg","locations":[{"start":{"line":29,"column":22},"end":{"line":29,"column":26}}],"line":29},"7":{"loc":{"start":{"line":30,"column":2},"end":{"line":30,"column":28}},"type":"default-arg","locations":[{"start":{"line":30,"column":24},"end":{"line":30,"column":28}}],"line":30},"8":{"loc":{"start":{"line":31,"column":2},"end":{"line":31,"column":29}},"type":"default-arg","locations":[{"start":{"line":31,"column":25},"end":{"line":31,"column":29}}],"line":31},"9":{"loc":{"start":{"line":32,"column":2},"end":{"line":32,"column":31}},"type":"default-arg","locations":[{"start":{"line":32,"column":27},"end":{"line":32,"column":31}}],"line":32},"10":{"loc":{"start":{"line":33,"column":2},"end":{"line":33,"column":19}},"type":"default-arg","locations":[{"start":{"line":33,"column":17},"end":{"line":33,"column":19}}],"line":33}},"s":{"0":73,"1":73,"2":73,"3":73,"4":73,"5":73,"6":73,"7":73,"8":73,"9":73,"10":19,"11":19,"12":19,"13":19,"14":73,"15":19,"16":19,"17":19,"18":19,"19":73},"f":{"0":73,"1":19,"2":19},"b":{"0":[65],"1":[65],"2":[65],"3":[65],"4":[65],"5":[65],"6":[65],"7":[65],"8":[65],"9":[65],"10":[65]},"_coverageSchema":"1a1c01bbd47fc00a2c39e90264f33305004495a9","hash":"2dfc0bd12945a78ac76463e79f6b716857f5bd49"}
,"/Users/marcusholanda/Documents/repos/fast-wallet/src/app/shared/hooks/useSpringTranslateY.ts": {"path":"/Users/marcusholanda/Documents/repos/fast-wallet/src/app/shared/hooks/useSpringTranslateY.ts","statementMap":{"0":{"start":{"line":13,"column":21},"end":{"line":13,"column":50}},"1":{"start":{"line":15,"column":2},"end":{"line":22,"column":43}},"2":{"start":{"line":16,"column":4},"end":{"line":21,"column":7}},"3":{"start":{"line":24,"column":24},"end":{"line":26,"column":5}},"4":{"start":{"line":24,"column":48},"end":{"line":26,"column":3}},"5":{"start":{"line":28,"column":2},"end":{"line":28,"column":23}}},"fnMap":{"0":{"name":"useSpringTranslateY","decl":{"start":{"line":9,"column":24},"end":{"line":9,"column":43}},"loc":{"start":{"line":12,"column":2},"end":{"line":29,"column":1}},"line":12},"1":{"name":"(anonymous_1)","decl":{"start":{"line":15,"column":12},"end":{"line":15,"column":13}},"loc":{"start":{"line":15,"column":18},"end":{"line":22,"column":3}},"line":15},"2":{"name":"(anonymous_2)","decl":{"start":{"line":24,"column":41},"end":{"line":24,"column":42}},"loc":{"start":{"line":24,"column":48},"end":{"line":26,"column":3}},"line":24}},"branchMap":{},"s":{"0":110,"1":110,"2":110,"3":110,"4":0,"5":110},"f":{"0":110,"1":110,"2":0},"b":{},"_coverageSchema":"1a1c01bbd47fc00a2c39e90264f33305004495a9","hash":"9c15bf5cde17c97412846a9ffd6e501e5a433b51"}
,"/Users/marcusholanda/Documents/repos/fast-wallet/src/app/shared/services/httpClient/httpClient.ts": {"path":"/Users/marcusholanda/Documents/repos/fast-wallet/src/app/shared/services/httpClient/httpClient.ts","statementMap":{"0":{"start":{"line":12,"column":4},"end":{"line":12,"column":27}},"1":{"start":{"line":19,"column":4},"end":{"line":19,"column":47}},"2":{"start":{"line":19,"column":16},"end":{"line":19,"column":47}},"3":{"start":{"line":20,"column":19},"end":{"line":20,"column":40}},"4":{"start":{"line":21,"column":4},"end":{"line":23,"column":7}},"5":{"start":{"line":22,"column":6},"end":{"line":22,"column":40}},"6":{"start":{"line":24,"column":4},"end":{"line":24,"column":56}},"7":{"start":{"line":32,"column":20},"end":{"line":32,"column":53}},"8":{"start":{"line":34,"column":21},"end":{"line":41,"column":6}},"9":{"start":{"line":43,"column":24},"end":{"line":43,"column":66}},"10":{"start":{"line":44,"column":19},"end":{"line":44,"column":59}},"11":{"start":{"line":45,"column":26},"end":{"line":47,"column":29}},"12":{"start":{"line":49,"column":4},"end":{"line":51,"column":5}},"13":{"start":{"line":50,"column":6},"end":{"line":50,"column":70}},"14":{"start":{"line":53,"column":4},"end":{"line":53,"column":56}},"15":{"start":{"line":57,"column":4},"end":{"line":57,"column":47}},"16":{"start":{"line":61,"column":4},"end":{"line":61,"column":48}},"17":{"start":{"line":65,"column":4},"end":{"line":65,"column":47}},"18":{"start":{"line":69,"column":4},"end":{"line":69,"column":49}},"19":{"start":{"line":73,"column":4},"end":{"line":73,"column":50}},"20":{"start":{"line":77,"column":26},"end":{"line":79,"column":1}}},"fnMap":{"0":{"name":"(anonymous_0)","decl":{"start":{"line":11,"column":2},"end":{"line":11,"column":3}},"loc":{"start":{"line":11,"column":31},"end":{"line":13,"column":3}},"line":11},"1":{"name":"(anonymous_1)","decl":{"start":{"line":15,"column":2},"end":{"line":15,"column":3}},"loc":{"start":{"line":18,"column":4},"end":{"line":25,"column":3}},"line":18},"2":{"name":"(anonymous_2)","decl":{"start":{"line":21,"column":34},"end":{"line":21,"column":35}},"loc":{"start":{"line":21,"column":52},"end":{"line":23,"column":5}},"line":21},"3":{"name":"(anonymous_3)","decl":{"start":{"line":27,"column":2},"end":{"line":27,"column":3}},"loc":{"start":{"line":31,"column":30},"end":{"line":54,"column":3}},"line":31},"4":{"name":"(anonymous_4)","decl":{"start":{"line":56,"column":2},"end":{"line":56,"column":3}},"loc":{"start":{"line":56,"column":50},"end":{"line":58,"column":3}},"line":56},"5":{"name":"(anonymous_5)","decl":{"start":{"line":60,"column":2},"end":{"line":60,"column":3}},"loc":{"start":{"line":60,"column":51},"end":{"line":62,"column":3}},"line":60},"6":{"name":"(anonymous_6)","decl":{"start":{"line":64,"column":2},"end":{"line":64,"column":3}},"loc":{"start":{"line":64,"column":50},"end":{"line":66,"column":3}},"line":64},"7":{"name":"(anonymous_7)","decl":{"start":{"line":68,"column":2},"end":{"line":68,"column":3}},"loc":{"start":{"line":68,"column":52},"end":{"line":70,"column":3}},"line":68},"8":{"name":"(anonymous_8)","decl":{"start":{"line":72,"column":2},"end":{"line":72,"column":3}},"loc":{"start":{"line":72,"column":53},"end":{"line":74,"column":3}},"line":72}},"branchMap":{"0":{"loc":{"start":{"line":19,"column":4},"end":{"line":19,"column":47}},"type":"if","locations":[{"start":{"line":19,"column":4},"end":{"line":19,"column":47}},{"start":{},"end":{}}],"line":19},"1":{"loc":{"start":{"line":40,"column":12},"end":{"line":40,"column":66}},"type":"cond-expr","locations":[{"start":{"line":40,"column":27},"end":{"line":40,"column":54}},{"start":{"line":40,"column":57},"end":{"line":40,"column":66}}],"line":40},"2":{"loc":{"start":{"line":43,"column":24},"end":{"line":43,"column":66}},"type":"binary-expr","locations":[{"start":{"line":43,"column":24},"end":{"line":43,"column":60}},{"start":{"line":43,"column":64},"end":{"line":43,"column":66}}],"line":43},"3":{"loc":{"start":{"line":45,"column":26},"end":{"line":47,"column":29}},"type":"cond-expr","locations":[{"start":{"line":46,"column":8},"end":{"line":46,"column":29}},{"start":{"line":47,"column":8},"end":{"line":47,"column":29}}],"line":45},"4":{"loc":{"start":{"line":49,"column":4},"end":{"line":51,"column":5}},"type":"if","locations":[{"start":{"line":49,"column":4},"end":{"line":51,"column":5}},{"start":{},"end":{}}],"line":49},"5":{"loc":{"start":{"line":78,"column":2},"end":{"line":78,"column":39}},"type":"binary-expr","locations":[{"start":{"line":78,"column":2},"end":{"line":78,"column":33}},{"start":{"line":78,"column":37},"end":{"line":78,"column":39}}],"line":78}},"s":{"0":10,"1":6,"2":5,"3":1,"4":1,"5":3,"6":1,"7":6,"8":6,"9":6,"10":6,"11":6,"12":6,"13":0,"14":6,"15":3,"16":1,"17":1,"18":0,"19":1,"20":3},"f":{"0":10,"1":6,"2":3,"3":6,"4":3,"5":1,"6":1,"7":0,"8":1},"b":{"0":[5,1],"1":[2,4],"2":[6,1],"3":[5,1],"4":[0,6],"5":[3,3]},"_coverageSchema":"1a1c01bbd47fc00a2c39e90264f33305004495a9","hash":"0b234d6e8a6fbe2d75b9cdab3184e9dabdd4ddc9"}
,"/Users/marcusholanda/Documents/repos/fast-wallet/src/app/shared/services/httpClient/types.ts": {"path":"/Users/marcusholanda/Documents/repos/fast-wallet/src/app/shared/services/httpClient/types.ts","statementMap":{"0":{"start":{"line":17,"column":4},"end":{"line":17,"column":19}},"1":{"start":{"line":18,"column":4},"end":{"line":18,"column":28}},"2":{"start":{"line":19,"column":4},"end":{"line":19,"column":25}},"3":{"start":{"line":20,"column":4},"end":{"line":20,"column":21}}},"fnMap":{"0":{"name":"(anonymous_0)","decl":{"start":{"line":16,"column":2},"end":{"line":16,"column":3}},"loc":{"start":{"line":16,"column":63},"end":{"line":21,"column":3}},"line":16}},"branchMap":{},"s":{"0":0,"1":0,"2":0,"3":0},"f":{"0":0},"b":{},"_coverageSchema":"1a1c01bbd47fc00a2c39e90264f33305004495a9","hash":"31434d9a0ec96628d8fec99410bf3af1057d0d78"}
,"/Users/marcusholanda/Documents/repos/fast-wallet/src/app/shared/store/cardSlice.ts": {"path":"/Users/marcusholanda/Documents/repos/fast-wallet/src/app/shared/store/cardSlice.ts","statementMap":{"0":{"start":{"line":11,"column":32},"end":{"line":15,"column":1}},"1":{"start":{"line":17,"column":19},"end":{"line":28,"column":2}},"2":{"start":{"line":22,"column":6},"end":{"line":22,"column":35}},"3":{"start":{"line":25,"column":6},"end":{"line":25,"column":39}},"4":{"start":{"line":30,"column":37},"end":{"line":30,"column":55}}},"fnMap":{"0":{"name":"(anonymous_0)","decl":{"start":{"line":21,"column":4},"end":{"line":21,"column":5}},"loc":{"start":{"line":21,"column":51},"end":{"line":23,"column":5}},"line":21},"1":{"name":"(anonymous_1)","decl":{"start":{"line":24,"column":4},"end":{"line":24,"column":5}},"loc":{"start":{"line":24,"column":48},"end":{"line":26,"column":5}},"line":24}},"branchMap":{},"s":{"0":3,"1":3,"2":3,"3":3,"4":3},"f":{"0":3,"1":3},"b":{},"_coverageSchema":"1a1c01bbd47fc00a2c39e90264f33305004495a9","hash":"4cec2b22f607674516f5a10dd201e715b818481c"}
,"/Users/marcusholanda/Documents/repos/fast-wallet/src/app/shared/theme/colors.ts": {"path":"/Users/marcusholanda/Documents/repos/fast-wallet/src/app/shared/theme/colors.ts","statementMap":{"0":{"start":{"line":3,"column":36},"end":{"line":21,"column":1}}},"fnMap":{},"branchMap":{},"s":{"0":8},"f":{},"b":{},"_coverageSchema":"1a1c01bbd47fc00a2c39e90264f33305004495a9","hash":"6a0129915684bcfefadfee4a6f61c36ac270657b"}
,"/Users/marcusholanda/Documents/repos/fast-wallet/src/app/shared/theme/theme.ts": {"path":"/Users/marcusholanda/Documents/repos/fast-wallet/src/app/shared/theme/theme.ts","statementMap":{"0":{"start":{"line":5,"column":31},"end":{"line":8,"column":1}},"1":{"start":{"line":10,"column":27},"end":{"line":13,"column":1}}},"fnMap":{},"branchMap":{},"s":{"0":8,"1":8},"f":{},"b":{},"_coverageSchema":"1a1c01bbd47fc00a2c39e90264f33305004495a9","hash":"125fe7961f6e444b862fe2bed884bbb94f578343"}
,"/Users/marcusholanda/Documents/repos/fast-wallet/src/app/shared/theme/typography.ts": {"path":"/Users/marcusholanda/Documents/repos/fast-wallet/src/app/shared/theme/typography.ts","statementMap":{"0":{"start":{"line":3,"column":38},"end":{"line":11,"column":1}}},"fnMap":{},"branchMap":{},"s":{"0":8},"f":{},"b":{},"_coverageSchema":"1a1c01bbd47fc00a2c39e90264f33305004495a9","hash":"0555c523e74583c0bb96e35e381cc62939c721b8"}
,"/Users/marcusholanda/Documents/repos/fast-wallet/src/app/shared/utils/MockedStoreWrapper.tsx": {"path":"/Users/marcusholanda/Documents/repos/fast-wallet/src/app/shared/utils/MockedStoreWrapper.tsx","statementMap":{"0":{"start":{"line":12,"column":24},"end":{"line":20,"column":1}},"1":{"start":{"line":14,"column":51},"end":{"line":14,"column":56}},"2":{"start":{"line":17,"column":2},"end":{"line":19,"column":5}},"3":{"start":{"line":22,"column":27},"end":{"line":31,"column":1}},"4":{"start":{"line":29,"column":16},"end":{"line":29,"column":46}},"5":{"start":{"line":30,"column":2},"end":{"line":30,"column":55}}},"fnMap":{"0":{"name":"(anonymous_0)","decl":{"start":{"line":12,"column":24},"end":{"line":12,"column":25}},"loc":{"start":{"line":16,"column":5},"end":{"line":20,"column":1}},"line":16},"1":{"name":"(anonymous_1)","decl":{"start":{"line":14,"column":10},"end":{"line":14,"column":11}},"loc":{"start":{"line":14,"column":51},"end":{"line":14,"column":56}},"line":14},"2":{"name":"(anonymous_2)","decl":{"start":{"line":22,"column":27},"end":{"line":22,"column":28}},"loc":{"start":{"line":28,"column":6},"end":{"line":31,"column":1}},"line":28}},"branchMap":{"0":{"loc":{"start":{"line":13,"column":2},"end":{"line":15,"column":3}},"type":"default-arg","locations":[{"start":{"line":13,"column":31},"end":{"line":15,"column":3}}],"line":13},"1":{"loc":{"start":{"line":14,"column":11},"end":{"line":14,"column":46}},"type":"default-arg","locations":[{"start":{"line":14,"column":44},"end":{"line":14,"column":46}}],"line":14},"2":{"loc":{"start":{"line":29,"column":16},"end":{"line":29,"column":46}},"type":"binary-expr","locations":[{"start":{"line":29,"column":16},"end":{"line":29,"column":25}},{"start":{"line":29,"column":29},"end":{"line":29,"column":46}}],"line":29}},"s":{"0":7,"1":148,"2":49,"3":7,"4":56,"5":56},"f":{"0":49,"1":148,"2":56},"b":{"0":[49],"1":[147],"2":[56,49]},"_coverageSchema":"1a1c01bbd47fc00a2c39e90264f33305004495a9","hash":"f6d8d07e438b1889186d1dbdd941f5426a57f547"}
,"/Users/marcusholanda/Documents/repos/fast-wallet/src/app/shared/utils/helperTests.ts": {"path":"/Users/marcusholanda/Documents/repos/fast-wallet/src/app/shared/utils/helperTests.ts","statementMap":{"0":{"start":{"line":3,"column":27},"end":{"line":10,"column":1}},"1":{"start":{"line":8,"column":2},"end":{"line":8,"column":55}},"2":{"start":{"line":9,"column":2},"end":{"line":9,"column":45}},"3":{"start":{"line":12,"column":41},"end":{"line":14,"column":1}},"4":{"start":{"line":13,"column":2},"end":{"line":13,"column":50}}},"fnMap":{"0":{"name":"(anonymous_0)","decl":{"start":{"line":3,"column":27},"end":{"line":3,"column":28}},"loc":{"start":{"line":7,"column":5},"end":{"line":10,"column":1}},"line":7},"1":{"name":"(anonymous_1)","decl":{"start":{"line":12,"column":41},"end":{"line":12,"column":42}},"loc":{"start":{"line":12,"column":65},"end":{"line":14,"column":1}},"line":12}},"branchMap":{},"s":{"0":3,"1":10,"2":10,"3":3,"4":3},"f":{"0":10,"1":3},"b":{},"_coverageSchema":"1a1c01bbd47fc00a2c39e90264f33305004495a9","hash":"019fdafaec41838192a9050a5f00a954ad94569b"}
,"/Users/marcusholanda/Documents/repos/fast-wallet/src/app/shared/utils/replaces.ts": {"path":"/Users/marcusholanda/Documents/repos/fast-wallet/src/app/shared/utils/replaces.ts","statementMap":{"0":{"start":{"line":1,"column":35},"end":{"line":3,"column":1}},"1":{"start":{"line":2,"column":2},"end":{"line":2,"column":45}},"2":{"start":{"line":5,"column":32},"end":{"line":7,"column":1}},"3":{"start":{"line":6,"column":2},"end":{"line":6,"column":30}}},"fnMap":{"0":{"name":"(anonymous_0)","decl":{"start":{"line":1,"column":35},"end":{"line":1,"column":36}},"loc":{"start":{"line":1,"column":53},"end":{"line":3,"column":1}},"line":1},"1":{"name":"(anonymous_1)","decl":{"start":{"line":5,"column":32},"end":{"line":5,"column":33}},"loc":{"start":{"line":5,"column":56},"end":{"line":7,"column":1}},"line":5}},"branchMap":{},"s":{"0":5,"1":6,"2":5,"3":30},"f":{"0":6,"1":30},"b":{},"_coverageSchema":"1a1c01bbd47fc00a2c39e90264f33305004495a9","hash":"90482bf15156b86be3a04b93d04883a765c6b2e6"}
,"/Users/marcusholanda/Documents/repos/fast-wallet/src/app/store/hooks.ts": {"path":"/Users/marcusholanda/Documents/repos/fast-wallet/src/app/store/hooks.ts","statementMap":{"0":{"start":{"line":5,"column":30},"end":{"line":5,"column":66}},"1":{"start":{"line":6,"column":30},"end":{"line":6,"column":64}}},"fnMap":{},"branchMap":{},"s":{"0":2,"1":2},"f":{},"b":{},"_coverageSchema":"1a1c01bbd47fc00a2c39e90264f33305004495a9","hash":"ac299b4014ac6841ff19992a0ad7b3f71d883184"}
}
