TN:
SF:src/app/modules/home/screens/Home.tsx
FN:7,HomeScreen
FN:13,(anonymous_1)
FN:20,(anonymous_2)
FNF:3
FNH:3
FNDA:3,HomeScreen
FNDA:1,(anonymous_1)
FNDA:1,(anonymous_2)
DA:8,3
DA:10,3
DA:13,1
DA:20,1
LF:4
LH:4
BRF:0
BRH:0
end_of_record
TN:
SF:src/app/modules/register/components/FormRegisterCard.tsx
FN:19,(anonymous_0)
FN:46,(anonymous_1)
FN:50,(anonymous_2)
FN:67,(anonymous_3)
FN:71,(anonymous_4)
FN:86,(anonymous_5)
FN:91,(anonymous_6)
FN:104,(anonymous_7)
FN:109,(anonymous_8)
FN:121,(anonymous_9)
FNF:10
FNH:10
FNDA:45,(anonymous_0)
FNDA:50,(anonymous_1)
FNDA:5,(anonymous_2)
FNDA:51,(anonymous_3)
FNDA:6,(anonymous_4)
FNDA:51,(anonymous_5)
FNDA:6,(anonymous_6)
FNDA:53,(anonymous_7)
FNDA:5,(anonymous_8)
FNDA:3,(anonymous_9)
DA:16,1
DA:17,1
DA:19,1
DA:21,45
DA:22,45
DA:24,45
DA:26,45
DA:31,45
DA:47,50
DA:50,5
DA:68,51
DA:72,6
DA:87,51
DA:91,6
DA:105,53
DA:109,5
DA:121,3
DA:136,1
LF:18
LH:18
BRDA:38,0,0,45
BRDA:38,0,1,45
BRDA:124,1,0,6
BRDA:124,1,1,39
BRDA:126,2,0,45
BRDA:126,2,1,6
BRDA:129,3,0,6
BRDA:129,3,1,39
BRF:8
BRH:8
end_of_record
TN:
SF:src/app/modules/register/constants/cardValidator.ts
FN:46,(anonymous_0)
FNF:1
FNH:1
FNDA:12,(anonymous_0)
DA:5,1
DA:25,1
DA:47,12
DA:48,11
DA:49,11
DA:50,11
DA:51,11
LF:7
LH:7
BRDA:47,0,0,1
BRDA:47,0,1,11
BRF:2
BRH:2
end_of_record
TN:
SF:src/app/modules/register/constants/masks.ts
FNF:0
FNH:0
DA:1,1
LF:1
LH:1
BRF:0
BRH:0
end_of_record
TN:
SF:src/app/modules/register/hooks/useRegisterCard.ts
FN:13,(anonymous_0)
FN:19,(anonymous_1)
FN:24,(anonymous_2)
FN:38,(anonymous_3)
FNF:4
FNH:4
FNDA:45,(anonymous_0)
FNDA:1,(anonymous_1)
FNDA:1,(anonymous_2)
FNDA:3,(anonymous_3)
DA:13,1
DA:14,45
DA:15,45
DA:17,45
DA:20,1
DA:22,1
DA:25,1
DA:33,45
DA:38,45
DA:39,3
DA:45,3
DA:46,3
DA:51,45
LF:13
LH:13
BRF:0
BRH:0
end_of_record
TN:
SF:src/app/modules/register/screens/RegisterSuccessScreen.tsx
FN:10,RegisterSuccessScreen
FN:30,(anonymous_1)
FNF:2
FNH:2
FNDA:3,RegisterSuccessScreen
FNDA:1,(anonymous_1)
DA:15,3
DA:17,3
DA:19,3
DA:30,1
DA:38,1
LF:5
LH:5
BRF:0
BRH:0
end_of_record
TN:
SF:src/app/modules/register/services/card.ts
FN:7,(anonymous_0)
FNF:1
FNH:1
FNDA:3,(anonymous_0)
DA:7,2
DA:12,3
DA:16,2
LF:3
LH:3
BRF:0
BRH:0
end_of_record
TN:
SF:src/app/modules/wallet/components/AnimatedWalletCard.tsx
FN:34,AnimatedWalletCard
FN:55,(anonymous_1)
FN:59,(anonymous_2)
FN:82,(anonymous_3)
FNF:4
FNH:3
FNDA:24,AnimatedWalletCard
FNDA:12,(anonymous_1)
FNDA:24,(anonymous_2)
FNDA:0,(anonymous_3)
DA:14,2
DA:15,2
DA:16,2
DA:17,2
DA:42,24
DA:43,24
DA:44,24
DA:45,24
DA:46,24
DA:47,24
DA:48,24
DA:49,24
DA:51,24
DA:53,24
DA:55,24
DA:56,12
DA:59,24
DA:60,24
DA:62,12
DA:63,1
DA:64,1
DA:71,11
DA:72,11
DA:82,24
DA:86,24
DA:98,24
LF:26
LH:26
BRDA:46,0,0,12
BRDA:46,0,1,12
BRDA:60,1,0,12
BRDA:60,1,1,12
BRDA:62,2,0,1
BRDA:62,2,1,11
BRDA:86,3,0,2
BRDA:86,3,1,22
BRDA:94,4,0,2
BRDA:94,4,1,0
BRDA:107,5,0,2
BRDA:107,5,1,22
BRDA:116,6,0,4
BRDA:116,6,1,20
BRF:14
BRH:13
end_of_record
TN:
SF:src/app/modules/wallet/components/BackgroundRectangle.tsx
FN:11,(anonymous_0)
FNF:1
FNH:1
FNDA:28,(anonymous_0)
DA:10,3
DA:12,28
DA:30,3
DA:32,3
LF:4
LH:4
BRDA:21,0,0,28
BRDA:21,0,1,0
BRF:2
BRH:1
end_of_record
TN:
SF:src/app/modules/wallet/components/WalletLoading.tsx
FN:40,useMergeAnimStyle
FN:46,(anonymous_1)
FN:61,useWalletAnimation
FN:66,(anonymous_3)
FN:76,(anonymous_4)
FN:98,WalletLoading
FN:127,(anonymous_6)
FN:131,(anonymous_7)
FNF:8
FNH:5
FNDA:16,useMergeAnimStyle
FNDA:0,(anonymous_1)
FNDA:8,useWalletAnimation
FNDA:8,(anonymous_3)
FNDA:0,(anonymous_4)
FNDA:8,WalletLoading
FNDA:0,(anonymous_6)
FNDA:8,(anonymous_7)
DA:21,1
DA:38,1
DA:46,16
DA:47,0
DA:48,0
DA:62,8
DA:63,8
DA:64,8
DA:66,8
DA:67,8
DA:77,0
DA:78,0
DA:84,0
DA:95,8
DA:99,8
DA:101,8
DA:114,8
DA:120,8
DA:127,8
DA:131,8
DA:139,8
DA:157,1
LF:22
LH:17
BRDA:77,0,0,0
BRDA:77,0,1,0
BRF:2
BRH:0
end_of_record
TN:
SF:src/app/modules/wallet/hooks/useGetCards.ts
FN:12,(anonymous_0)
FN:22,(anonymous_1)
FN:33,(anonymous_2)
FNF:3
FNH:3
FNDA:67,(anonymous_0)
FNDA:67,(anonymous_1)
FNDA:67,(anonymous_2)
DA:12,1
DA:17,67
DA:19,67
DA:20,67
DA:22,67
DA:23,67
DA:24,0
DA:25,0
DA:26,0
DA:28,67
DA:29,60
DA:33,67
DA:34,67
DA:37,67
LF:14
LH:11
BRDA:23,0,0,0
BRDA:23,0,1,67
BRDA:28,1,0,60
BRDA:28,1,1,7
BRF:4
BRH:3
end_of_record
TN:
SF:src/app/modules/wallet/screens/WalletScreen.tsx
FN:16,WalletScreen
FN:19,(anonymous_1)
FN:29,(anonymous_2)
FN:30,(anonymous_3)
FN:31,(anonymous_4)
FN:34,(anonymous_5)
FN:43,(anonymous_6)
FN:57,(anonymous_7)
FN:65,(anonymous_8)
FNF:9
FNH:8
FNDA:68,WalletScreen
FNDA:129,(anonymous_1)
FNDA:7,(anonymous_2)
FNDA:6,(anonymous_3)
FNDA:7,(anonymous_4)
FNDA:66,(anonymous_5)
FNDA:6,(anonymous_6)
FNDA:0,(anonymous_7)
FNDA:1,(anonymous_8)
DA:14,1
DA:17,68
DA:19,129
DA:20,67
DA:21,67
DA:22,67
DA:24,67
DA:25,67
DA:26,67
DA:27,67
DA:29,67
DA:30,7
DA:31,7
DA:34,67
DA:35,66
DA:38,67
DA:40,59
DA:44,6
DA:45,6
DA:57,0
DA:88,1
LF:21
LH:20
BRDA:27,0,0,67
BRDA:27,0,1,60
BRDA:38,1,0,8
BRDA:38,1,1,59
BRDA:61,2,0,59
BRDA:61,2,1,58
BRDA:71,3,0,59
BRDA:71,3,1,1
BRF:8
BRH:8
end_of_record
TN:
SF:src/app/modules/wallet/services/card.ts
FN:7,(anonymous_0)
FNF:1
FNH:0
FNDA:0,(anonymous_0)
DA:7,1
DA:8,0
DA:10,0
LF:3
LH:1
BRF:0
BRH:0
end_of_record
TN:
SF:src/app/shared/components/buttons/Button.tsx
FN:21,Button
FNF:1
FNH:1
FNDA:116,Button
DA:31,116
DA:51,5
LF:2
LH:2
BRDA:26,0,0,61
BRDA:27,1,0,9
BRDA:28,2,0,67
BRDA:38,3,0,2
BRDA:38,3,1,114
BRF:5
BRH:5
end_of_record
TN:
SF:src/app/shared/components/cards/CreditCard.tsx
FN:15,CreditCard
FN:21,(anonymous_1)
FNF:2
FNH:2
FNDA:30,CreditCard
FNDA:30,(anonymous_1)
DA:21,30
DA:22,30
DA:24,30
DA:25,13
DA:27,17
DA:30,30
DA:58,4
LF:7
LH:7
BRDA:22,0,0,0
BRDA:22,0,1,30
BRDA:24,1,0,13
BRDA:24,1,1,17
BRDA:32,2,0,30
BRDA:32,2,1,27
BRDA:46,3,0,30
BRDA:46,3,1,0
BRF:8
BRH:6
end_of_record
TN:
SF:src/app/shared/components/cards/MaskedCardNumber.tsx
FN:15,(anonymous_0)
FNF:1
FNH:1
FNDA:30,(anonymous_0)
DA:15,4
DA:25,30
DA:26,30
DA:27,30
DA:28,30
DA:31,30
DA:34,30
DA:38,30
DA:40,30
LF:9
LH:9
BRDA:17,0,0,30
BRDA:18,1,0,30
BRDA:19,2,0,30
BRDA:20,3,0,0
BRDA:31,4,0,30
BRDA:31,4,1,0
BRDA:34,5,0,30
BRDA:34,5,1,0
BRDA:34,5,2,0
BRF:9
BRH:5
end_of_record
TN:
SF:src/app/shared/components/containers/PageContainer.tsx
FN:18,(anonymous_0)
FNF:1
FNH:1
FNDA:65,(anonymous_0)
DA:15,3
DA:16,3
DA:18,3
DA:23,65
DA:25,65
DA:30,65
DA:54,3
LF:7
LH:7
BRDA:20,0,0,3
BRDA:21,1,0,3
BRDA:32,2,0,65
BRDA:32,2,1,6
BRDA:37,3,0,65
BRDA:37,3,1,6
BRDA:47,4,0,65
BRDA:47,4,1,6
BRF:8
BRH:8
end_of_record
TN:
SF:src/app/shared/components/inputs/InputText.tsx
FN:22,(anonymous_0)
FN:48,(anonymous_1)
FNF:2
FNH:2
FNDA:223,(anonymous_0)
FNDA:8,(anonymous_1)
DA:22,2
DA:33,223
DA:48,8
DA:63,2
LF:4
LH:4
BRDA:38,0,0,154
BRDA:38,0,1,69
BRDA:52,1,0,223
BRDA:52,1,1,3
BRDA:54,2,0,223
BRDA:54,2,1,11
BRF:6
BRH:6
end_of_record
TN:
SF:src/app/shared/constants/endpoints.ts
FNF:0
FNH:0
DA:1,3
LF:1
LH:1
BRF:0
BRH:0
end_of_record
TN:
SF:src/app/shared/hooks/useAppMutation.ts
FN:15,useAppMutation
FN:26,mutate
FNF:2
FNH:2
FNDA:45,useAppMutation
FNDA:3,mutate
DA:23,45
DA:24,45
DA:27,3
DA:28,3
DA:29,3
DA:30,3
DA:31,1
DA:32,1
DA:34,1
DA:35,1
DA:36,1
DA:38,2
DA:42,45
LF:13
LH:13
BRF:0
BRH:0
end_of_record
TN:
SF:src/app/shared/hooks/useAppNavigation.ts
FN:5,(anonymous_0)
FNF:1
FNH:1
FNDA:51,(anonymous_0)
DA:5,3
DA:6,51
LF:2
LH:2
BRF:0
BRH:0
end_of_record
TN:
SF:src/app/shared/hooks/useAppQuery.ts
FN:9,useAppQuery
FN:16,(anonymous_1)
FN:30,(anonymous_2)
FNF:3
FNH:3
FNDA:67,useAppQuery
FNDA:7,(anonymous_1)
FNDA:7,(anonymous_2)
DA:12,67
DA:13,67
DA:14,67
DA:16,67
DA:17,7
DA:18,7
DA:19,7
DA:20,7
DA:21,6
DA:23,0
DA:24,0
DA:26,6
DA:30,67
DA:31,7
DA:34,67
LF:15
LH:13
BRF:0
BRH:0
end_of_record
TN:
SF:src/app/shared/hooks/useKeyboardVisibility.ts
FN:4,(anonymous_0)
FN:7,(anonymous_1)
FN:8,(anonymous_2)
FN:12,(anonymous_3)
FN:26,(anonymous_4)
FNF:5
FNH:3
FNDA:45,(anonymous_0)
FNDA:15,(anonymous_1)
FNDA:0,(anonymous_2)
FNDA:0,(anonymous_3)
FNDA:15,(anonymous_4)
DA:4,1
DA:5,45
DA:7,45
DA:8,15
DA:9,0
DA:12,15
DA:13,0
DA:16,15
DA:21,15
DA:26,15
DA:27,15
DA:28,15
DA:32,45
LF:13
LH:11
BRF:0
BRH:0
end_of_record
TN:
SF:src/app/shared/hooks/useResponsiveBackgroundRectangles.ts
FN:23,useResponsiveBackgroundRectangles
FN:48,(anonymous_1)
FN:76,(anonymous_2)
FNF:3
FNH:3
FNDA:73,useResponsiveBackgroundRectangles
FNDA:19,(anonymous_1)
FNDA:19,(anonymous_2)
DA:35,73
DA:36,73
DA:38,73
DA:39,73
DA:40,73
DA:42,73
DA:43,73
DA:45,73
DA:46,73
DA:48,73
DA:49,19
DA:58,19
DA:59,19
DA:60,19
DA:76,73
DA:77,19
DA:86,19
DA:87,19
DA:88,19
DA:105,73
LF:20
LH:20
BRDA:23,0,0,65
BRDA:24,1,0,65
BRDA:25,2,0,65
BRDA:26,3,0,65
BRDA:27,4,0,65
BRDA:28,5,0,65
BRDA:29,6,0,65
BRDA:30,7,0,65
BRDA:31,8,0,65
BRDA:32,9,0,65
BRDA:33,10,0,65
BRF:11
BRH:11
end_of_record
TN:
SF:src/app/shared/hooks/useSpringTranslateY.ts
FN:9,useSpringTranslateY
FN:15,(anonymous_1)
FN:24,(anonymous_2)
FNF:3
FNH:2
FNDA:110,useSpringTranslateY
FNDA:110,(anonymous_1)
FNDA:0,(anonymous_2)
DA:13,110
DA:15,110
DA:16,110
DA:24,110
DA:28,110
LF:5
LH:5
BRF:0
BRH:0
end_of_record
TN:
SF:src/app/shared/services/httpClient/httpClient.ts
FN:11,(anonymous_0)
FN:15,(anonymous_1)
FN:21,(anonymous_2)
FN:27,(anonymous_3)
FN:56,(anonymous_4)
FN:60,(anonymous_5)
FN:64,(anonymous_6)
FN:68,(anonymous_7)
FN:72,(anonymous_8)
FNF:9
FNH:8
FNDA:10,(anonymous_0)
FNDA:6,(anonymous_1)
FNDA:3,(anonymous_2)
FNDA:6,(anonymous_3)
FNDA:3,(anonymous_4)
FNDA:1,(anonymous_5)
FNDA:1,(anonymous_6)
FNDA:0,(anonymous_7)
FNDA:1,(anonymous_8)
DA:12,10
DA:19,6
DA:20,1
DA:21,1
DA:22,3
DA:24,1
DA:32,6
DA:34,6
DA:43,6
DA:44,6
DA:45,6
DA:49,6
DA:50,0
DA:53,6
DA:57,3
DA:61,1
DA:65,1
DA:69,0
DA:73,1
DA:77,3
LF:20
LH:18
BRDA:19,0,0,5
BRDA:19,0,1,1
BRDA:40,1,0,2
BRDA:40,1,1,4
BRDA:43,2,0,6
BRDA:43,2,1,1
BRDA:45,3,0,5
BRDA:45,3,1,1
BRDA:49,4,0,0
BRDA:49,4,1,6
BRDA:78,5,0,3
BRDA:78,5,1,3
BRF:12
BRH:11
end_of_record
TN:
SF:src/app/shared/services/httpClient/types.ts
FN:16,(anonymous_0)
FNF:1
FNH:0
FNDA:0,(anonymous_0)
DA:17,0
DA:18,0
DA:19,0
DA:20,0
LF:4
LH:0
BRF:0
BRH:0
end_of_record
TN:
SF:src/app/shared/store/cardSlice.ts
FN:21,(anonymous_0)
FN:24,(anonymous_1)
FNF:2
FNH:2
FNDA:3,(anonymous_0)
FNDA:3,(anonymous_1)
DA:11,3
DA:17,3
DA:22,3
DA:25,3
DA:30,3
LF:5
LH:5
BRF:0
BRH:0
end_of_record
TN:
SF:src/app/shared/theme/colors.ts
FNF:0
FNH:0
DA:3,8
LF:1
LH:1
BRF:0
BRH:0
end_of_record
TN:
SF:src/app/shared/theme/theme.ts
FNF:0
FNH:0
DA:5,8
DA:10,8
LF:2
LH:2
BRF:0
BRH:0
end_of_record
TN:
SF:src/app/shared/theme/typography.ts
FNF:0
FNH:0
DA:3,8
LF:1
LH:1
BRF:0
BRH:0
end_of_record
TN:
SF:src/app/shared/utils/MockedStoreWrapper.tsx
FN:12,(anonymous_0)
FN:14,(anonymous_1)
FN:22,(anonymous_2)
FNF:3
FNH:3
FNDA:49,(anonymous_0)
FNDA:148,(anonymous_1)
FNDA:56,(anonymous_2)
DA:12,7
DA:14,148
DA:17,49
DA:22,7
DA:29,56
DA:30,56
LF:6
LH:6
BRDA:13,0,0,49
BRDA:14,1,0,147
BRDA:29,2,0,56
BRDA:29,2,1,49
BRF:4
BRH:4
end_of_record
TN:
SF:src/app/shared/utils/helperTests.ts
FN:3,(anonymous_0)
FN:12,(anonymous_1)
FNF:2
FNH:2
FNDA:10,(anonymous_0)
FNDA:3,(anonymous_1)
DA:3,3
DA:8,10
DA:9,10
DA:12,3
DA:13,3
LF:5
LH:5
BRF:0
BRH:0
end_of_record
TN:
SF:src/app/shared/utils/replaces.ts
FN:1,(anonymous_0)
FN:5,(anonymous_1)
FNF:2
FNH:2
FNDA:6,(anonymous_0)
FNDA:30,(anonymous_1)
DA:1,5
DA:2,6
DA:5,5
DA:6,30
LF:4
LH:4
BRF:0
BRH:0
end_of_record
TN:
SF:src/app/store/hooks.ts
FNF:0
FNH:0
DA:5,2
DA:6,2
LF:2
LH:2
BRF:0
BRH:0
end_of_record
